<?xml version="1.0"?>
<!DOCTYPE coverage SYSTEM "http://cobertura.sourceforge.net/xml/coverage-04.dtd">

<coverage line-rate="0.87122969837587" branch-rate="0.5166666666666667" lines-covered="751" lines-valid="862" branches-covered="31" branches-valid="60" complexity="1.2651515151515151" version="2.1.1" timestamp="1460902674641">
	<sources>
		<source>C:/Users/Jonas/Documents/GitHub/Kiva-ryhma/src/main/java</source>
		<source>--source</source>
	</sources>
	<packages>
		<package name="kivaryhma" line-rate="0.87122969837587" branch-rate="0.5166666666666667" complexity="1.2651515151515151">
			<classes>
				<class name="kivaryhma.Article" filename="kivaryhma/Article.java" line-rate="1.0" branch-rate="0.5" complexity="1.2272727272727273">
					<methods>
						<method name="&lt;init&gt;" signature="()V" line-rate="1.0" branch-rate="1.0" complexity="0">
							<lines>
								<line number="25" hits="108" branch="false"/>
								<line number="27" hits="108" branch="false"/>
							</lines>
						</method>
						<method name="getAuthor" signature="()Ljava/lang/String;" line-rate="1.0" branch-rate="1.0" complexity="0">
							<lines>
								<line number="31" hits="28" branch="false"/>
							</lines>
						</method>
						<method name="getJournal" signature="()Ljava/lang/String;" line-rate="1.0" branch-rate="1.0" complexity="0">
							<lines>
								<line number="48" hits="28" branch="false"/>
							</lines>
						</method>
						<method name="getKey" signature="()Ljava/lang/String;" line-rate="1.0" branch-rate="1.0" complexity="0">
							<lines>
								<line number="105" hits="28" branch="false"/>
							</lines>
						</method>
						<method name="getMonth" signature="()Ljava/lang/String;" line-rate="1.0" branch-rate="1.0" complexity="0">
							<lines>
								<line number="89" hits="28" branch="false"/>
							</lines>
						</method>
						<method name="getNote" signature="()Ljava/lang/String;" line-rate="1.0" branch-rate="1.0" complexity="0">
							<lines>
								<line number="97" hits="28" branch="false"/>
							</lines>
						</method>
						<method name="getNumber" signature="()Ljava/lang/String;" line-rate="1.0" branch-rate="1.0" complexity="0">
							<lines>
								<line number="73" hits="28" branch="false"/>
							</lines>
						</method>
						<method name="getPages" signature="()Ljava/lang/String;" line-rate="1.0" branch-rate="1.0" complexity="0">
							<lines>
								<line number="81" hits="24" branch="false"/>
							</lines>
						</method>
						<method name="getTitle" signature="()Ljava/lang/String;" line-rate="1.0" branch-rate="1.0" complexity="0">
							<lines>
								<line number="40" hits="28" branch="false"/>
							</lines>
						</method>
						<method name="getVolume" signature="()Ljava/lang/String;" line-rate="1.0" branch-rate="1.0" complexity="0">
							<lines>
								<line number="65" hits="28" branch="false"/>
							</lines>
						</method>
						<method name="getYear" signature="()Ljava/lang/String;" line-rate="1.0" branch-rate="1.0" complexity="0">
							<lines>
								<line number="57" hits="28" branch="false"/>
							</lines>
						</method>
						<method name="setAuthor" signature="(Ljava/lang/String;)V" line-rate="1.0" branch-rate="1.0" complexity="0">
							<lines>
								<line number="35" hits="112" branch="false"/>
								<line number="36" hits="112" branch="false"/>
							</lines>
						</method>
						<method name="setJournal" signature="(Ljava/lang/String;)V" line-rate="1.0" branch-rate="1.0" complexity="0">
							<lines>
								<line number="52" hits="112" branch="false"/>
								<line number="53" hits="112" branch="false"/>
							</lines>
						</method>
						<method name="setKey" signature="(Ljava/lang/String;)V" line-rate="1.0" branch-rate="1.0" complexity="0">
							<lines>
								<line number="109" hits="112" branch="false"/>
								<line number="110" hits="112" branch="false"/>
							</lines>
						</method>
						<method name="setMonth" signature="(Ljava/lang/String;)V" line-rate="1.0" branch-rate="1.0" complexity="0">
							<lines>
								<line number="93" hits="112" branch="false"/>
								<line number="94" hits="112" branch="false"/>
							</lines>
						</method>
						<method name="setNote" signature="(Ljava/lang/String;)V" line-rate="1.0" branch-rate="1.0" complexity="0">
							<lines>
								<line number="101" hits="112" branch="false"/>
								<line number="102" hits="112" branch="false"/>
							</lines>
						</method>
						<method name="setNumber" signature="(Ljava/lang/String;)V" line-rate="1.0" branch-rate="1.0" complexity="0">
							<lines>
								<line number="77" hits="112" branch="false"/>
								<line number="78" hits="112" branch="false"/>
							</lines>
						</method>
						<method name="setPages" signature="(Ljava/lang/String;)V" line-rate="1.0" branch-rate="1.0" complexity="0">
							<lines>
								<line number="85" hits="112" branch="false"/>
								<line number="86" hits="112" branch="false"/>
							</lines>
						</method>
						<method name="setTitle" signature="(Ljava/lang/String;)V" line-rate="1.0" branch-rate="1.0" complexity="0">
							<lines>
								<line number="44" hits="112" branch="false"/>
								<line number="45" hits="112" branch="false"/>
							</lines>
						</method>
						<method name="setVolume" signature="(Ljava/lang/String;)V" line-rate="1.0" branch-rate="1.0" complexity="0">
							<lines>
								<line number="69" hits="112" branch="false"/>
								<line number="70" hits="112" branch="false"/>
							</lines>
						</method>
						<method name="setYear" signature="(Ljava/lang/String;)V" line-rate="1.0" branch-rate="1.0" complexity="0">
							<lines>
								<line number="61" hits="112" branch="false"/>
								<line number="62" hits="112" branch="false"/>
							</lines>
						</method>
						<method name="toBibtex" signature="()Ljava/lang/String;" line-rate="1.0" branch-rate="0.5" complexity="0">
							<lines>
								<line number="115" hits="8" branch="false"/>
								<line number="116" hits="8" branch="false"/>
								<line number="117" hits="8" branch="false"/>
								<line number="118" hits="8" branch="false"/>
								<line number="119" hits="8" branch="true" condition-coverage="50% (1/2)">
									<conditions>
										<condition number="0" type="jump" coverage="50%"/>
									</conditions>
								</line>
								<line number="120" hits="8" branch="false"/>
								<line number="122" hits="8" branch="true" condition-coverage="50% (1/2)">
									<conditions>
										<condition number="0" type="jump" coverage="50%"/>
									</conditions>
								</line>
								<line number="123" hits="8" branch="false"/>
								<line number="125" hits="8" branch="true" condition-coverage="50% (1/2)">
									<conditions>
										<condition number="0" type="jump" coverage="50%"/>
									</conditions>
								</line>
								<line number="126" hits="8" branch="false"/>
								<line number="128" hits="8" branch="true" condition-coverage="50% (1/2)">
									<conditions>
										<condition number="0" type="jump" coverage="50%"/>
									</conditions>
								</line>
								<line number="129" hits="8" branch="false"/>
								<line number="131" hits="8" branch="true" condition-coverage="50% (1/2)">
									<conditions>
										<condition number="0" type="jump" coverage="50%"/>
									</conditions>
								</line>
								<line number="132" hits="8" branch="false"/>
								<line number="134" hits="8" branch="false"/>
								<line number="136" hits="8" branch="false"/>
							</lines>
						</method>
					</methods>
					<lines>
						<line number="25" hits="108" branch="false"/>
						<line number="27" hits="108" branch="false"/>
						<line number="31" hits="28" branch="false"/>
						<line number="35" hits="112" branch="false"/>
						<line number="36" hits="112" branch="false"/>
						<line number="40" hits="28" branch="false"/>
						<line number="44" hits="112" branch="false"/>
						<line number="45" hits="112" branch="false"/>
						<line number="48" hits="28" branch="false"/>
						<line number="52" hits="112" branch="false"/>
						<line number="53" hits="112" branch="false"/>
						<line number="57" hits="28" branch="false"/>
						<line number="61" hits="112" branch="false"/>
						<line number="62" hits="112" branch="false"/>
						<line number="65" hits="28" branch="false"/>
						<line number="69" hits="112" branch="false"/>
						<line number="70" hits="112" branch="false"/>
						<line number="73" hits="28" branch="false"/>
						<line number="77" hits="112" branch="false"/>
						<line number="78" hits="112" branch="false"/>
						<line number="81" hits="24" branch="false"/>
						<line number="85" hits="112" branch="false"/>
						<line number="86" hits="112" branch="false"/>
						<line number="89" hits="28" branch="false"/>
						<line number="93" hits="112" branch="false"/>
						<line number="94" hits="112" branch="false"/>
						<line number="97" hits="28" branch="false"/>
						<line number="101" hits="112" branch="false"/>
						<line number="102" hits="112" branch="false"/>
						<line number="105" hits="28" branch="false"/>
						<line number="109" hits="112" branch="false"/>
						<line number="110" hits="112" branch="false"/>
						<line number="115" hits="8" branch="false"/>
						<line number="116" hits="8" branch="false"/>
						<line number="117" hits="8" branch="false"/>
						<line number="118" hits="8" branch="false"/>
						<line number="119" hits="8" branch="true" condition-coverage="50% (1/2)">
							<conditions>
								<condition number="0" type="jump" coverage="50%"/>
							</conditions>
						</line>
						<line number="120" hits="8" branch="false"/>
						<line number="122" hits="8" branch="true" condition-coverage="50% (1/2)">
							<conditions>
								<condition number="0" type="jump" coverage="50%"/>
							</conditions>
						</line>
						<line number="123" hits="8" branch="false"/>
						<line number="125" hits="8" branch="true" condition-coverage="50% (1/2)">
							<conditions>
								<condition number="0" type="jump" coverage="50%"/>
							</conditions>
						</line>
						<line number="126" hits="8" branch="false"/>
						<line number="128" hits="8" branch="true" condition-coverage="50% (1/2)">
							<conditions>
								<condition number="0" type="jump" coverage="50%"/>
							</conditions>
						</line>
						<line number="129" hits="8" branch="false"/>
						<line number="131" hits="8" branch="true" condition-coverage="50% (1/2)">
							<conditions>
								<condition number="0" type="jump" coverage="50%"/>
							</conditions>
						</line>
						<line number="132" hits="8" branch="false"/>
						<line number="134" hits="8" branch="false"/>
						<line number="136" hits="8" branch="false"/>
					</lines>
				</class>
				<class name="kivaryhma.Book" filename="kivaryhma/Book.java" line-rate="1.0" branch-rate="0.5" complexity="1.391304347826087">
					<methods>
						<method name="&lt;init&gt;" signature="()V" line-rate="1.0" branch-rate="1.0" complexity="0">
							<lines>
								<line number="12" hits="69" branch="false"/>
							</lines>
						</method>
						<method name="getAddress" signature="()Ljava/lang/String;" line-rate="1.0" branch-rate="1.0" complexity="0">
							<lines>
								<line number="89" hits="9" branch="false"/>
							</lines>
						</method>
						<method name="getAuthor" signature="()Ljava/lang/String;" line-rate="1.0" branch-rate="1.0" complexity="0">
							<lines>
								<line number="130" hits="9" branch="false"/>
							</lines>
						</method>
						<method name="getEdition" signature="()Ljava/lang/String;" line-rate="1.0" branch-rate="1.0" complexity="0">
							<lines>
								<line number="97" hits="6" branch="false"/>
							</lines>
						</method>
						<method name="getKey" signature="()Ljava/lang/String;" line-rate="1.0" branch-rate="1.0" complexity="0">
							<lines>
								<line number="121" hits="9" branch="false"/>
							</lines>
						</method>
						<method name="getMonth" signature="()Ljava/lang/String;" line-rate="1.0" branch-rate="1.0" complexity="0">
							<lines>
								<line number="105" hits="9" branch="false"/>
							</lines>
						</method>
						<method name="getNote" signature="()Ljava/lang/String;" line-rate="1.0" branch-rate="1.0" complexity="0">
							<lines>
								<line number="113" hits="9" branch="false"/>
							</lines>
						</method>
						<method name="getPublisher" signature="()Ljava/lang/String;" line-rate="1.0" branch-rate="1.0" complexity="0">
							<lines>
								<line number="65" hits="12" branch="false"/>
							</lines>
						</method>
						<method name="getSeries" signature="()Ljava/lang/String;" line-rate="1.0" branch-rate="1.0" complexity="0">
							<lines>
								<line number="81" hits="9" branch="false"/>
							</lines>
						</method>
						<method name="getTitle" signature="()Ljava/lang/String;" line-rate="1.0" branch-rate="1.0" complexity="0">
							<lines>
								<line number="139" hits="9" branch="false"/>
							</lines>
						</method>
						<method name="getVolume" signature="()Ljava/lang/String;" line-rate="1.0" branch-rate="1.0" complexity="0">
							<lines>
								<line number="73" hits="9" branch="false"/>
							</lines>
						</method>
						<method name="getYear" signature="()Ljava/lang/String;" line-rate="1.0" branch-rate="1.0" complexity="0">
							<lines>
								<line number="148" hits="9" branch="false"/>
							</lines>
						</method>
						<method name="setAddress" signature="(Ljava/lang/String;)V" line-rate="1.0" branch-rate="1.0" complexity="0">
							<lines>
								<line number="93" hits="72" branch="false"/>
								<line number="94" hits="72" branch="false"/>
							</lines>
						</method>
						<method name="setAuthor" signature="(Ljava/lang/String;)V" line-rate="1.0" branch-rate="1.0" complexity="0">
							<lines>
								<line number="134" hits="72" branch="false"/>
								<line number="135" hits="72" branch="false"/>
							</lines>
						</method>
						<method name="setEdition" signature="(Ljava/lang/String;)V" line-rate="1.0" branch-rate="1.0" complexity="0">
							<lines>
								<line number="101" hits="72" branch="false"/>
								<line number="102" hits="72" branch="false"/>
							</lines>
						</method>
						<method name="setKey" signature="(Ljava/lang/String;)V" line-rate="1.0" branch-rate="1.0" complexity="0">
							<lines>
								<line number="125" hits="72" branch="false"/>
								<line number="126" hits="72" branch="false"/>
							</lines>
						</method>
						<method name="setMonth" signature="(Ljava/lang/String;)V" line-rate="1.0" branch-rate="1.0" complexity="0">
							<lines>
								<line number="109" hits="72" branch="false"/>
								<line number="110" hits="72" branch="false"/>
							</lines>
						</method>
						<method name="setNote" signature="(Ljava/lang/String;)V" line-rate="1.0" branch-rate="1.0" complexity="0">
							<lines>
								<line number="117" hits="72" branch="false"/>
								<line number="118" hits="72" branch="false"/>
							</lines>
						</method>
						<method name="setPublisher" signature="(Ljava/lang/String;)V" line-rate="1.0" branch-rate="1.0" complexity="0">
							<lines>
								<line number="69" hits="72" branch="false"/>
								<line number="70" hits="72" branch="false"/>
							</lines>
						</method>
						<method name="setSeries" signature="(Ljava/lang/String;)V" line-rate="1.0" branch-rate="1.0" complexity="0">
							<lines>
								<line number="85" hits="72" branch="false"/>
								<line number="86" hits="72" branch="false"/>
							</lines>
						</method>
						<method name="setTitle" signature="(Ljava/lang/String;)V" line-rate="1.0" branch-rate="1.0" complexity="0">
							<lines>
								<line number="143" hits="72" branch="false"/>
								<line number="144" hits="72" branch="false"/>
							</lines>
						</method>
						<method name="setVolume" signature="(Ljava/lang/String;)V" line-rate="1.0" branch-rate="1.0" complexity="0">
							<lines>
								<line number="77" hits="72" branch="false"/>
								<line number="78" hits="72" branch="false"/>
							</lines>
						</method>
						<method name="setYear" signature="(Ljava/lang/String;)V" line-rate="1.0" branch-rate="1.0" complexity="0">
							<lines>
								<line number="152" hits="72" branch="false"/>
								<line number="153" hits="72" branch="false"/>
							</lines>
						</method>
						<method name="toBibtex" signature="()Ljava/lang/String;" line-rate="1.0" branch-rate="0.5" complexity="0">
							<lines>
								<line number="28" hits="3" branch="false"/>
								<line number="29" hits="3" branch="false"/>
								<line number="30" hits="3" branch="false"/>
								<line number="31" hits="3" branch="false"/>
								<line number="32" hits="3" branch="true" condition-coverage="50% (1/2)">
									<conditions>
										<condition number="0" type="jump" coverage="50%"/>
									</conditions>
								</line>
								<line number="33" hits="3" branch="false"/>
								<line number="35" hits="3" branch="true" condition-coverage="50% (1/2)">
									<conditions>
										<condition number="0" type="jump" coverage="50%"/>
									</conditions>
								</line>
								<line number="36" hits="3" branch="false"/>
								<line number="38" hits="3" branch="true" condition-coverage="50% (1/2)">
									<conditions>
										<condition number="0" type="jump" coverage="50%"/>
									</conditions>
								</line>
								<line number="39" hits="3" branch="false"/>
								<line number="41" hits="3" branch="true" condition-coverage="50% (1/2)">
									<conditions>
										<condition number="0" type="jump" coverage="50%"/>
									</conditions>
								</line>
								<line number="42" hits="3" branch="false"/>
								<line number="44" hits="3" branch="true" condition-coverage="50% (1/2)">
									<conditions>
										<condition number="0" type="jump" coverage="50%"/>
									</conditions>
								</line>
								<line number="45" hits="3" branch="false"/>
								<line number="47" hits="3" branch="true" condition-coverage="50% (1/2)">
									<conditions>
										<condition number="0" type="jump" coverage="50%"/>
									</conditions>
								</line>
								<line number="48" hits="3" branch="false"/>
								<line number="50" hits="3" branch="true" condition-coverage="50% (1/2)">
									<conditions>
										<condition number="0" type="jump" coverage="50%"/>
									</conditions>
								</line>
								<line number="51" hits="3" branch="false"/>
								<line number="53" hits="3" branch="true" condition-coverage="50% (1/2)">
									<conditions>
										<condition number="0" type="jump" coverage="50%"/>
									</conditions>
								</line>
								<line number="54" hits="3" branch="false"/>
								<line number="56" hits="3" branch="true" condition-coverage="50% (1/2)">
									<conditions>
										<condition number="0" type="jump" coverage="50%"/>
									</conditions>
								</line>
								<line number="57" hits="3" branch="false"/>
								<line number="59" hits="3" branch="false"/>
								<line number="61" hits="3" branch="false"/>
							</lines>
						</method>
					</methods>
					<lines>
						<line number="12" hits="69" branch="false"/>
						<line number="28" hits="3" branch="false"/>
						<line number="29" hits="3" branch="false"/>
						<line number="30" hits="3" branch="false"/>
						<line number="31" hits="3" branch="false"/>
						<line number="32" hits="3" branch="true" condition-coverage="50% (1/2)">
							<conditions>
								<condition number="0" type="jump" coverage="50%"/>
							</conditions>
						</line>
						<line number="33" hits="3" branch="false"/>
						<line number="35" hits="3" branch="true" condition-coverage="50% (1/2)">
							<conditions>
								<condition number="0" type="jump" coverage="50%"/>
							</conditions>
						</line>
						<line number="36" hits="3" branch="false"/>
						<line number="38" hits="3" branch="true" condition-coverage="50% (1/2)">
							<conditions>
								<condition number="0" type="jump" coverage="50%"/>
							</conditions>
						</line>
						<line number="39" hits="3" branch="false"/>
						<line number="41" hits="3" branch="true" condition-coverage="50% (1/2)">
							<conditions>
								<condition number="0" type="jump" coverage="50%"/>
							</conditions>
						</line>
						<line number="42" hits="3" branch="false"/>
						<line number="44" hits="3" branch="true" condition-coverage="50% (1/2)">
							<conditions>
								<condition number="0" type="jump" coverage="50%"/>
							</conditions>
						</line>
						<line number="45" hits="3" branch="false"/>
						<line number="47" hits="3" branch="true" condition-coverage="50% (1/2)">
							<conditions>
								<condition number="0" type="jump" coverage="50%"/>
							</conditions>
						</line>
						<line number="48" hits="3" branch="false"/>
						<line number="50" hits="3" branch="true" condition-coverage="50% (1/2)">
							<conditions>
								<condition number="0" type="jump" coverage="50%"/>
							</conditions>
						</line>
						<line number="51" hits="3" branch="false"/>
						<line number="53" hits="3" branch="true" condition-coverage="50% (1/2)">
							<conditions>
								<condition number="0" type="jump" coverage="50%"/>
							</conditions>
						</line>
						<line number="54" hits="3" branch="false"/>
						<line number="56" hits="3" branch="true" condition-coverage="50% (1/2)">
							<conditions>
								<condition number="0" type="jump" coverage="50%"/>
							</conditions>
						</line>
						<line number="57" hits="3" branch="false"/>
						<line number="59" hits="3" branch="false"/>
						<line number="61" hits="3" branch="false"/>
						<line number="65" hits="12" branch="false"/>
						<line number="69" hits="72" branch="false"/>
						<line number="70" hits="72" branch="false"/>
						<line number="73" hits="9" branch="false"/>
						<line number="77" hits="72" branch="false"/>
						<line number="78" hits="72" branch="false"/>
						<line number="81" hits="9" branch="false"/>
						<line number="85" hits="72" branch="false"/>
						<line number="86" hits="72" branch="false"/>
						<line number="89" hits="9" branch="false"/>
						<line number="93" hits="72" branch="false"/>
						<line number="94" hits="72" branch="false"/>
						<line number="97" hits="6" branch="false"/>
						<line number="101" hits="72" branch="false"/>
						<line number="102" hits="72" branch="false"/>
						<line number="105" hits="9" branch="false"/>
						<line number="109" hits="72" branch="false"/>
						<line number="110" hits="72" branch="false"/>
						<line number="113" hits="9" branch="false"/>
						<line number="117" hits="72" branch="false"/>
						<line number="118" hits="72" branch="false"/>
						<line number="121" hits="9" branch="false"/>
						<line number="125" hits="72" branch="false"/>
						<line number="126" hits="72" branch="false"/>
						<line number="130" hits="9" branch="false"/>
						<line number="134" hits="72" branch="false"/>
						<line number="135" hits="72" branch="false"/>
						<line number="139" hits="9" branch="false"/>
						<line number="143" hits="72" branch="false"/>
						<line number="144" hits="72" branch="false"/>
						<line number="148" hits="9" branch="false"/>
						<line number="152" hits="72" branch="false"/>
						<line number="153" hits="72" branch="false"/>
					</lines>
				</class>
				<class name="kivaryhma.Controller" filename="kivaryhma/Controller.java" line-rate="0.3673469387755102" branch-rate="1.0" complexity="1.0">
					<methods>
						<method name="&lt;init&gt;" signature="(Lkivaryhma/Model;Lkivaryhma/View;)V" line-rate="1.0" branch-rate="1.0" complexity="0">
							<lines>
								<line number="20" hits="48" branch="false"/>
								<line number="21" hits="48" branch="false"/>
								<line number="22" hits="48" branch="false"/>
								<line number="23" hits="48" branch="false"/>
							</lines>
						</method>
						<method name="getEntries" signature="()Ljava/util/ArrayList;" line-rate="1.0" branch-rate="1.0" complexity="0">
							<lines>
								<line number="80" hits="12" branch="false"/>
							</lines>
						</method>
						<method name="sendArticleFormParameters" signature="([Ljava/lang/String;)V" line-rate="1.0" branch-rate="1.0" complexity="0">
							<lines>
								<line number="27" hits="20" branch="false"/>
								<line number="28" hits="20" branch="false"/>
								<line number="29" hits="20" branch="false"/>
								<line number="30" hits="20" branch="false"/>
								<line number="31" hits="20" branch="false"/>
								<line number="32" hits="20" branch="false"/>
								<line number="33" hits="20" branch="false"/>
								<line number="34" hits="20" branch="false"/>
								<line number="35" hits="20" branch="false"/>
								<line number="36" hits="20" branch="false"/>
								<line number="37" hits="20" branch="false"/>
								<line number="39" hits="20" branch="false"/>
								<line number="40" hits="20" branch="false"/>
							</lines>
						</method>
						<method name="sendBookFormParameters" signature="([Ljava/lang/String;)V" line-rate="0.0" branch-rate="1.0" complexity="0">
							<lines>
								<line number="43" hits="0" branch="false"/>
								<line number="44" hits="0" branch="false"/>
								<line number="45" hits="0" branch="false"/>
								<line number="46" hits="0" branch="false"/>
								<line number="47" hits="0" branch="false"/>
								<line number="48" hits="0" branch="false"/>
								<line number="49" hits="0" branch="false"/>
								<line number="50" hits="0" branch="false"/>
								<line number="51" hits="0" branch="false"/>
								<line number="52" hits="0" branch="false"/>
								<line number="53" hits="0" branch="false"/>
								<line number="54" hits="0" branch="false"/>
								<line number="56" hits="0" branch="false"/>
								<line number="57" hits="0" branch="false"/>
							</lines>
						</method>
						<method name="sendInproceedingsFormParameters" signature="([Ljava/lang/String;)V" line-rate="0.0" branch-rate="1.0" complexity="0">
							<lines>
								<line number="60" hits="0" branch="false"/>
								<line number="61" hits="0" branch="false"/>
								<line number="62" hits="0" branch="false"/>
								<line number="63" hits="0" branch="false"/>
								<line number="64" hits="0" branch="false"/>
								<line number="65" hits="0" branch="false"/>
								<line number="66" hits="0" branch="false"/>
								<line number="67" hits="0" branch="false"/>
								<line number="68" hits="0" branch="false"/>
								<line number="69" hits="0" branch="false"/>
								<line number="70" hits="0" branch="false"/>
								<line number="71" hits="0" branch="false"/>
								<line number="72" hits="0" branch="false"/>
								<line number="73" hits="0" branch="false"/>
								<line number="74" hits="0" branch="false"/>
								<line number="76" hits="0" branch="false"/>
								<line number="77" hits="0" branch="false"/>
							</lines>
						</method>
					</methods>
					<lines>
						<line number="20" hits="48" branch="false"/>
						<line number="21" hits="48" branch="false"/>
						<line number="22" hits="48" branch="false"/>
						<line number="23" hits="48" branch="false"/>
						<line number="27" hits="20" branch="false"/>
						<line number="28" hits="20" branch="false"/>
						<line number="29" hits="20" branch="false"/>
						<line number="30" hits="20" branch="false"/>
						<line number="31" hits="20" branch="false"/>
						<line number="32" hits="20" branch="false"/>
						<line number="33" hits="20" branch="false"/>
						<line number="34" hits="20" branch="false"/>
						<line number="35" hits="20" branch="false"/>
						<line number="36" hits="20" branch="false"/>
						<line number="37" hits="20" branch="false"/>
						<line number="39" hits="20" branch="false"/>
						<line number="40" hits="20" branch="false"/>
						<line number="43" hits="0" branch="false"/>
						<line number="44" hits="0" branch="false"/>
						<line number="45" hits="0" branch="false"/>
						<line number="46" hits="0" branch="false"/>
						<line number="47" hits="0" branch="false"/>
						<line number="48" hits="0" branch="false"/>
						<line number="49" hits="0" branch="false"/>
						<line number="50" hits="0" branch="false"/>
						<line number="51" hits="0" branch="false"/>
						<line number="52" hits="0" branch="false"/>
						<line number="53" hits="0" branch="false"/>
						<line number="54" hits="0" branch="false"/>
						<line number="56" hits="0" branch="false"/>
						<line number="57" hits="0" branch="false"/>
						<line number="60" hits="0" branch="false"/>
						<line number="61" hits="0" branch="false"/>
						<line number="62" hits="0" branch="false"/>
						<line number="63" hits="0" branch="false"/>
						<line number="64" hits="0" branch="false"/>
						<line number="65" hits="0" branch="false"/>
						<line number="66" hits="0" branch="false"/>
						<line number="67" hits="0" branch="false"/>
						<line number="68" hits="0" branch="false"/>
						<line number="69" hits="0" branch="false"/>
						<line number="70" hits="0" branch="false"/>
						<line number="71" hits="0" branch="false"/>
						<line number="72" hits="0" branch="false"/>
						<line number="73" hits="0" branch="false"/>
						<line number="74" hits="0" branch="false"/>
						<line number="76" hits="0" branch="false"/>
						<line number="77" hits="0" branch="false"/>
						<line number="80" hits="12" branch="false"/>
					</lines>
				</class>
				<class name="kivaryhma.Entry" filename="kivaryhma/Entry.java" line-rate="1.0" branch-rate="1.0" complexity="1.0">
					<methods>
					</methods>
					<lines>
					</lines>
				</class>
				<class name="kivaryhma.Form" filename="kivaryhma/Form.java" line-rate="0.9101899827288429" branch-rate="0.5833333333333334" complexity="1.2820512820512822">
					<methods>
						<method name="&lt;init&gt;" signature="()V" line-rate="1.0" branch-rate="1.0" complexity="0">
							<lines>
								<line number="28" hits="36" branch="false"/>
								<line number="29" hits="36" branch="false"/>
								<line number="30" hits="36" branch="false"/>
								<line number="31" hits="36" branch="false"/>
								<line number="36" hits="36" branch="false"/>
								<line number="38" hits="36" branch="false"/>
								<line number="41" hits="36" branch="false"/>
								<line number="44" hits="36" branch="false"/>
								<line number="45" hits="36" branch="false"/>
								<line number="46" hits="36" branch="false"/>
								<line number="49" hits="36" branch="false"/>
								<line number="50" hits="36" branch="false"/>
								<line number="51" hits="36" branch="false"/>
							</lines>
						</method>
						<method name="access$000" signature="(Lkivaryhma/Form;Ljava/awt/event/ActionEvent;)V" line-rate="1.0" branch-rate="1.0" complexity="0">
							<lines>
							</lines>
						</method>
						<method name="access$100" signature="(Lkivaryhma/Form;Ljava/awt/event/ActionEvent;)V" line-rate="1.0" branch-rate="1.0" complexity="0">
							<lines>
							</lines>
						</method>
						<method name="access$200" signature="(Lkivaryhma/Form;Ljava/awt/event/ActionEvent;)V" line-rate="1.0" branch-rate="1.0" complexity="0">
							<lines>
							</lines>
						</method>
						<method name="access$300" signature="(Lkivaryhma/Form;Ljava/awt/event/ActionEvent;)V" line-rate="1.0" branch-rate="1.0" complexity="0">
							<lines>
							</lines>
						</method>
						<method name="access$400" signature="(Lkivaryhma/Form;Ljava/awt/event/ActionEvent;)V" line-rate="1.0" branch-rate="1.0" complexity="0">
							<lines>
							</lines>
						</method>
						<method name="access$500" signature="(Lkivaryhma/Form;Ljava/awt/event/ActionEvent;)V" line-rate="1.0" branch-rate="1.0" complexity="0">
							<lines>
							</lines>
						</method>
						<method name="access$600" signature="(Lkivaryhma/Form;Ljava/awt/event/ActionEvent;)V" line-rate="1.0" branch-rate="1.0" complexity="0">
							<lines>
							</lines>
						</method>
						<method name="access$700" signature="(Lkivaryhma/Form;Ljava/awt/event/ActionEvent;)V" line-rate="1.0" branch-rate="1.0" complexity="0">
							<lines>
							</lines>
						</method>
						<method name="access$800" signature="(Lkivaryhma/Form;Ljava/awt/event/ActionEvent;)V" line-rate="0.0" branch-rate="1.0" complexity="0">
							<lines>
								<line number="25" hits="0" branch="false"/>
							</lines>
						</method>
						<method name="actionPerformed" signature="(Ljava/awt/event/ActionEvent;)V" line-rate="0.0" branch-rate="1.0" complexity="0">
							<lines>
								<line number="843" hits="0" branch="false"/>
								<line number="845" hits="0" branch="false"/>
								<line number="846" hits="0" branch="false"/>
								<line number="847" hits="0" branch="false"/>
							</lines>
						</method>
						<method name="articleTitleActionPerformed" signature="(Ljava/awt/event/ActionEvent;)V" line-rate="0.0" branch-rate="1.0" complexity="0">
							<lines>
								<line number="685" hits="0" branch="false"/>
							</lines>
						</method>
						<method name="bibtexButton" signature="(Ljava/awt/event/ActionEvent;)V" line-rate="0.0" branch-rate="0.0" complexity="0">
							<lines>
								<line number="667" hits="0" branch="false"/>
								<line number="669" hits="0" branch="false"/>
								<line number="670" hits="0" branch="false"/>
								<line number="671" hits="0" branch="true" condition-coverage="0% (0/2)">
									<conditions>
										<condition number="0" type="jump" coverage="0%"/>
									</conditions>
								</line>
								<line number="672" hits="0" branch="false"/>
								<line number="673" hits="0" branch="false"/>
								<line number="674" hits="0" branch="false"/>
								<line number="675" hits="0" branch="false"/>
								<line number="676" hits="0" branch="false"/>
								<line number="678" hits="0" branch="false"/>
								<line number="679" hits="0" branch="false"/>
								<line number="681" hits="0" branch="false"/>
							</lines>
						</method>
						<method name="bookKeyActionPerformed" signature="(Ljava/awt/event/ActionEvent;)V" line-rate="0.0" branch-rate="1.0" complexity="0">
							<lines>
								<line number="701" hits="0" branch="false"/>
							</lines>
						</method>
						<method name="bookNoteActionPerformed" signature="(Ljava/awt/event/ActionEvent;)V" line-rate="0.0" branch-rate="1.0" complexity="0">
							<lines>
								<line number="697" hits="0" branch="false"/>
							</lines>
						</method>
						<method name="bookSeriesActionPerformed" signature="(Ljava/awt/event/ActionEvent;)V" line-rate="0.0" branch-rate="1.0" complexity="0">
							<lines>
								<line number="693" hits="0" branch="false"/>
							</lines>
						</method>
						<method name="bookSubmitActionPerformed" signature="(Ljava/awt/event/ActionEvent;)V" line-rate="0.0" branch-rate="1.0" complexity="0">
							<lines>
								<line number="708" hits="0" branch="false"/>
								<line number="709" hits="0" branch="false"/>
								<line number="710" hits="0" branch="false"/>
								<line number="711" hits="0" branch="false"/>
							</lines>
						</method>
						<method name="bookTitleActionPerformed" signature="(Ljava/awt/event/ActionEvent;)V" line-rate="0.0" branch-rate="1.0" complexity="0">
							<lines>
								<line number="689" hits="0" branch="false"/>
							</lines>
						</method>
						<method name="display" signature="()V" line-rate="0.4666666666666667" branch-rate="0.75" complexity="0">
							<lines>
								<line number="729" hits="8" branch="true" condition-coverage="50% (1/2)">
									<conditions>
										<condition number="0" type="jump" coverage="50%"/>
									</conditions>
								</line>
								<line number="730" hits="8" branch="true" condition-coverage="100% (2/2)">
									<conditions>
										<condition number="0" type="jump" coverage="100%"/>
									</conditions>
								</line>
								<line number="731" hits="4" branch="false"/>
								<line number="732" hits="4" branch="false"/>
								<line number="735" hits="0" branch="false"/>
								<line number="736" hits="0" branch="false"/>
								<line number="737" hits="0" branch="false"/>
								<line number="738" hits="0" branch="false"/>
								<line number="739" hits="0" branch="false"/>
								<line number="740" hits="0" branch="false"/>
								<line number="741" hits="0" branch="false"/>
								<line number="742" hits="0" branch="false"/>
								<line number="743" hits="4" branch="false"/>
								<line number="748" hits="4" branch="false"/>
								<line number="754" hits="4" branch="false"/>
							</lines>
						</method>
						<method name="emptyReferenceTextFields" signature="([Ljavax/swing/JTextField;)V" line-rate="1.0" branch-rate="1.0" complexity="0">
							<lines>
								<line number="911" hits="44" branch="true" condition-coverage="100% (2/2)">
									<conditions>
										<condition number="0" type="jump" coverage="100%"/>
									</conditions>
								</line>
								<line number="912" hits="40" branch="false"/>
								<line number="914" hits="4" branch="false"/>
							</lines>
						</method>
						<method name="gatherArticleTextFields" signature="()V" line-rate="1.0" branch-rate="1.0" complexity="0">
							<lines>
								<line number="864" hits="40" branch="false"/>
								<line number="865" hits="40" branch="false"/>
								<line number="866" hits="40" branch="false"/>
								<line number="867" hits="40" branch="false"/>
								<line number="868" hits="40" branch="false"/>
								<line number="869" hits="40" branch="false"/>
								<line number="870" hits="40" branch="false"/>
								<line number="871" hits="40" branch="false"/>
								<line number="872" hits="40" branch="false"/>
								<line number="873" hits="40" branch="false"/>
								<line number="874" hits="40" branch="false"/>
							</lines>
						</method>
						<method name="gatherBookTextFields" signature="()V" line-rate="1.0" branch-rate="1.0" complexity="0">
							<lines>
								<line number="850" hits="36" branch="false"/>
								<line number="851" hits="36" branch="false"/>
								<line number="852" hits="36" branch="false"/>
								<line number="853" hits="36" branch="false"/>
								<line number="854" hits="36" branch="false"/>
								<line number="855" hits="36" branch="false"/>
								<line number="856" hits="36" branch="false"/>
								<line number="857" hits="36" branch="false"/>
								<line number="858" hits="36" branch="false"/>
								<line number="859" hits="36" branch="false"/>
								<line number="860" hits="36" branch="false"/>
								<line number="861" hits="36" branch="false"/>
							</lines>
						</method>
						<method name="gatherInproceedingsTextFields" signature="()V" line-rate="1.0" branch-rate="1.0" complexity="0">
							<lines>
								<line number="877" hits="36" branch="false"/>
								<line number="878" hits="36" branch="false"/>
								<line number="879" hits="36" branch="false"/>
								<line number="880" hits="36" branch="false"/>
								<line number="881" hits="36" branch="false"/>
								<line number="882" hits="36" branch="false"/>
								<line number="883" hits="36" branch="false"/>
								<line number="884" hits="36" branch="false"/>
								<line number="885" hits="36" branch="false"/>
								<line number="886" hits="36" branch="false"/>
								<line number="887" hits="36" branch="false"/>
								<line number="888" hits="36" branch="false"/>
								<line number="889" hits="36" branch="false"/>
								<line number="890" hits="36" branch="false"/>
								<line number="891" hits="36" branch="false"/>
							</lines>
						</method>
						<method name="gatherValues" signature="([Ljavax/swing/JTextField;)[Ljava/lang/String;" line-rate="1.0" branch-rate="1.0" complexity="0">
							<lines>
								<line number="71" hits="8" branch="false"/>
								<line number="72" hits="88" branch="true" condition-coverage="100% (2/2)">
									<conditions>
										<condition number="0" type="jump" coverage="100%"/>
									</conditions>
								</line>
								<line number="73" hits="80" branch="false"/>
								<line number="75" hits="8" branch="false"/>
							</lines>
						</method>
						<method name="getArticleFields" signature="()[Ljavax/swing/JTextField;" line-rate="1.0" branch-rate="1.0" complexity="0">
							<lines>
								<line number="902" hits="676" branch="false"/>
							</lines>
						</method>
						<method name="getBookFields" signature="()[Ljavax/swing/JTextField;" line-rate="0.0" branch-rate="1.0" complexity="0">
							<lines>
								<line number="894" hits="0" branch="false"/>
							</lines>
						</method>
						<method name="getInproceedingsFields" signature="()[Ljavax/swing/JTextField;" line-rate="0.0" branch-rate="1.0" complexity="0">
							<lines>
								<line number="898" hits="0" branch="false"/>
							</lines>
						</method>
						<method name="getReferenceList" signature="()Ljavax/swing/JList;" line-rate="0.0" branch-rate="1.0" complexity="0">
							<lines>
								<line number="906" hits="0" branch="false"/>
							</lines>
						</method>
						<method name="initComponents" signature="()V" line-rate="1.0" branch-rate="1.0" complexity="0">
							<lines>
								<line number="100" hits="36" branch="false"/>
								<line number="101" hits="36" branch="false"/>
								<line number="102" hits="36" branch="false"/>
								<line number="103" hits="36" branch="false"/>
								<line number="104" hits="36" branch="false"/>
								<line number="105" hits="36" branch="false"/>
								<line number="106" hits="36" branch="false"/>
								<line number="107" hits="36" branch="false"/>
								<line number="108" hits="36" branch="false"/>
								<line number="109" hits="36" branch="false"/>
								<line number="110" hits="36" branch="false"/>
								<line number="111" hits="36" branch="false"/>
								<line number="112" hits="36" branch="false"/>
								<line number="113" hits="36" branch="false"/>
								<line number="114" hits="36" branch="false"/>
								<line number="115" hits="36" branch="false"/>
								<line number="116" hits="36" branch="false"/>
								<line number="117" hits="36" branch="false"/>
								<line number="118" hits="36" branch="false"/>
								<line number="119" hits="36" branch="false"/>
								<line number="120" hits="36" branch="false"/>
								<line number="121" hits="36" branch="false"/>
								<line number="122" hits="36" branch="false"/>
								<line number="123" hits="36" branch="false"/>
								<line number="124" hits="36" branch="false"/>
								<line number="125" hits="36" branch="false"/>
								<line number="126" hits="36" branch="false"/>
								<line number="127" hits="36" branch="false"/>
								<line number="128" hits="36" branch="false"/>
								<line number="129" hits="36" branch="false"/>
								<line number="130" hits="36" branch="false"/>
								<line number="131" hits="36" branch="false"/>
								<line number="132" hits="36" branch="false"/>
								<line number="133" hits="36" branch="false"/>
								<line number="134" hits="36" branch="false"/>
								<line number="135" hits="36" branch="false"/>
								<line number="136" hits="36" branch="false"/>
								<line number="137" hits="36" branch="false"/>
								<line number="138" hits="36" branch="false"/>
								<line number="139" hits="36" branch="false"/>
								<line number="140" hits="36" branch="false"/>
								<line number="141" hits="36" branch="false"/>
								<line number="142" hits="36" branch="false"/>
								<line number="143" hits="36" branch="false"/>
								<line number="144" hits="36" branch="false"/>
								<line number="145" hits="36" branch="false"/>
								<line number="146" hits="36" branch="false"/>
								<line number="147" hits="36" branch="false"/>
								<line number="148" hits="36" branch="false"/>
								<line number="149" hits="36" branch="false"/>
								<line number="150" hits="36" branch="false"/>
								<line number="151" hits="36" branch="false"/>
								<line number="152" hits="36" branch="false"/>
								<line number="153" hits="36" branch="false"/>
								<line number="154" hits="36" branch="false"/>
								<line number="155" hits="36" branch="false"/>
								<line number="156" hits="36" branch="false"/>
								<line number="157" hits="36" branch="false"/>
								<line number="158" hits="36" branch="false"/>
								<line number="159" hits="36" branch="false"/>
								<line number="160" hits="36" branch="false"/>
								<line number="161" hits="36" branch="false"/>
								<line number="162" hits="36" branch="false"/>
								<line number="163" hits="36" branch="false"/>
								<line number="164" hits="36" branch="false"/>
								<line number="165" hits="36" branch="false"/>
								<line number="166" hits="36" branch="false"/>
								<line number="167" hits="36" branch="false"/>
								<line number="168" hits="36" branch="false"/>
								<line number="169" hits="36" branch="false"/>
								<line number="170" hits="36" branch="false"/>
								<line number="171" hits="36" branch="false"/>
								<line number="172" hits="36" branch="false"/>
								<line number="173" hits="36" branch="false"/>
								<line number="174" hits="36" branch="false"/>
								<line number="175" hits="36" branch="false"/>
								<line number="176" hits="36" branch="false"/>
								<line number="177" hits="36" branch="false"/>
								<line number="178" hits="36" branch="false"/>
								<line number="179" hits="36" branch="false"/>
								<line number="180" hits="36" branch="false"/>
								<line number="182" hits="36" branch="false"/>
								<line number="184" hits="36" branch="false"/>
								<line number="185" hits="36" branch="false"/>
								<line number="186" hits="72" branch="false"/>
								<line number="187" hits="36" branch="false"/>
								<line number="188" hits="36" branch="false"/>
								<line number="190" hits="72" branch="false"/>
								<line number="191" hits="36" branch="false"/>
								<line number="192" hits="36" branch="false"/>
								<line number="195" hits="36" branch="false"/>
								<line number="197" hits="36" branch="false"/>
								<line number="199" hits="36" branch="false"/>
								<line number="205" hits="36" branch="false"/>
								<line number="207" hits="36" branch="false"/>
								<line number="209" hits="36" branch="false"/>
								<line number="211" hits="36" branch="false"/>
								<line number="213" hits="36" branch="false"/>
								<line number="215" hits="36" branch="false"/>
								<line number="217" hits="36" branch="false"/>
								<line number="219" hits="36" branch="false"/>
								<line number="221" hits="36" branch="false"/>
								<line number="223" hits="36" branch="false"/>
								<line number="224" hits="36" branch="false"/>
								<line number="225" hits="72" branch="false"/>
								<line number="226" hits="36" branch="false"/>
								<line number="227" hits="72" branch="false"/>
								<line number="228" hits="36" branch="false"/>
								<line number="229" hits="72" branch="false"/>
								<line number="230" hits="72" branch="false"/>
								<line number="231" hits="72" branch="false"/>
								<line number="232" hits="36" branch="false"/>
								<line number="233" hits="36" branch="false"/>
								<line number="234" hits="36" branch="false"/>
								<line number="235" hits="36" branch="false"/>
								<line number="236" hits="36" branch="false"/>
								<line number="237" hits="36" branch="false"/>
								<line number="238" hits="36" branch="false"/>
								<line number="239" hits="36" branch="false"/>
								<line number="240" hits="36" branch="false"/>
								<line number="241" hits="36" branch="false"/>
								<line number="242" hits="36" branch="false"/>
								<line number="243" hits="72" branch="false"/>
								<line number="244" hits="36" branch="false"/>
								<line number="245" hits="36" branch="false"/>
								<line number="246" hits="36" branch="false"/>
								<line number="247" hits="36" branch="false"/>
								<line number="248" hits="36" branch="false"/>
								<line number="249" hits="36" branch="false"/>
								<line number="250" hits="36" branch="false"/>
								<line number="251" hits="36" branch="false"/>
								<line number="252" hits="36" branch="false"/>
								<line number="253" hits="36" branch="false"/>
								<line number="254" hits="36" branch="false"/>
								<line number="255" hits="72" branch="false"/>
								<line number="256" hits="36" branch="false"/>
								<line number="257" hits="36" branch="false"/>
								<line number="259" hits="72" branch="false"/>
								<line number="260" hits="36" branch="false"/>
								<line number="261" hits="72" branch="false"/>
								<line number="262" hits="36" branch="false"/>
								<line number="263" hits="72" branch="false"/>
								<line number="264" hits="36" branch="false"/>
								<line number="265" hits="36" branch="false"/>
								<line number="266" hits="36" branch="false"/>
								<line number="267" hits="72" branch="false"/>
								<line number="268" hits="36" branch="false"/>
								<line number="269" hits="36" branch="false"/>
								<line number="270" hits="36" branch="false"/>
								<line number="271" hits="72" branch="false"/>
								<line number="272" hits="36" branch="false"/>
								<line number="273" hits="36" branch="false"/>
								<line number="274" hits="36" branch="false"/>
								<line number="275" hits="72" branch="false"/>
								<line number="276" hits="36" branch="false"/>
								<line number="277" hits="36" branch="false"/>
								<line number="278" hits="36" branch="false"/>
								<line number="279" hits="72" branch="false"/>
								<line number="280" hits="36" branch="false"/>
								<line number="281" hits="36" branch="false"/>
								<line number="282" hits="36" branch="false"/>
								<line number="283" hits="72" branch="false"/>
								<line number="284" hits="36" branch="false"/>
								<line number="285" hits="36" branch="false"/>
								<line number="286" hits="36" branch="false"/>
								<line number="287" hits="72" branch="false"/>
								<line number="288" hits="36" branch="false"/>
								<line number="289" hits="36" branch="false"/>
								<line number="290" hits="36" branch="false"/>
								<line number="291" hits="72" branch="false"/>
								<line number="292" hits="36" branch="false"/>
								<line number="293" hits="36" branch="false"/>
								<line number="294" hits="36" branch="false"/>
								<line number="295" hits="72" branch="false"/>
								<line number="296" hits="36" branch="false"/>
								<line number="297" hits="36" branch="false"/>
								<line number="298" hits="36" branch="false"/>
								<line number="299" hits="72" branch="false"/>
								<line number="300" hits="36" branch="false"/>
								<line number="301" hits="36" branch="false"/>
								<line number="302" hits="36" branch="false"/>
								<line number="303" hits="36" branch="false"/>
								<line number="304" hits="36" branch="false"/>
								<line number="307" hits="36" branch="false"/>
								<line number="309" hits="36" branch="false"/>
								<line number="311" hits="36" branch="false"/>
								<line number="313" hits="36" branch="false"/>
								<line number="315" hits="36" branch="false"/>
								<line number="317" hits="36" branch="false"/>
								<line number="319" hits="36" branch="false"/>
								<line number="321" hits="36" branch="false"/>
								<line number="323" hits="36" branch="false"/>
								<line number="325" hits="36" branch="false"/>
								<line number="327" hits="36" branch="false"/>
								<line number="329" hits="36" branch="false"/>
								<line number="331" hits="36" branch="false"/>
								<line number="337" hits="36" branch="false"/>
								<line number="343" hits="36" branch="false"/>
								<line number="349" hits="36" branch="false"/>
								<line number="355" hits="36" branch="false"/>
								<line number="356" hits="36" branch="false"/>
								<line number="362" hits="36" branch="false"/>
								<line number="363" hits="36" branch="false"/>
								<line number="364" hits="72" branch="false"/>
								<line number="365" hits="36" branch="false"/>
								<line number="366" hits="72" branch="false"/>
								<line number="367" hits="36" branch="false"/>
								<line number="368" hits="72" branch="false"/>
								<line number="369" hits="72" branch="false"/>
								<line number="370" hits="72" branch="false"/>
								<line number="371" hits="36" branch="false"/>
								<line number="372" hits="36" branch="false"/>
								<line number="373" hits="36" branch="false"/>
								<line number="374" hits="72" branch="false"/>
								<line number="375" hits="36" branch="false"/>
								<line number="376" hits="36" branch="false"/>
								<line number="377" hits="72" branch="false"/>
								<line number="378" hits="72" branch="false"/>
								<line number="379" hits="36" branch="false"/>
								<line number="380" hits="36" branch="false"/>
								<line number="381" hits="36" branch="false"/>
								<line number="382" hits="36" branch="false"/>
								<line number="383" hits="36" branch="false"/>
								<line number="384" hits="36" branch="false"/>
								<line number="385" hits="36" branch="false"/>
								<line number="386" hits="36" branch="false"/>
								<line number="387" hits="72" branch="false"/>
								<line number="388" hits="36" branch="false"/>
								<line number="389" hits="36" branch="false"/>
								<line number="390" hits="36" branch="false"/>
								<line number="391" hits="36" branch="false"/>
								<line number="392" hits="36" branch="false"/>
								<line number="393" hits="36" branch="false"/>
								<line number="394" hits="36" branch="false"/>
								<line number="395" hits="36" branch="false"/>
								<line number="396" hits="36" branch="false"/>
								<line number="397" hits="72" branch="false"/>
								<line number="398" hits="72" branch="false"/>
								<line number="399" hits="36" branch="false"/>
								<line number="400" hits="36" branch="false"/>
								<line number="401" hits="36" branch="false"/>
								<line number="402" hits="36" branch="false"/>
								<line number="403" hits="36" branch="false"/>
								<line number="405" hits="72" branch="false"/>
								<line number="406" hits="36" branch="false"/>
								<line number="407" hits="72" branch="false"/>
								<line number="408" hits="36" branch="false"/>
								<line number="409" hits="72" branch="false"/>
								<line number="410" hits="36" branch="false"/>
								<line number="411" hits="36" branch="false"/>
								<line number="412" hits="36" branch="false"/>
								<line number="413" hits="72" branch="false"/>
								<line number="414" hits="36" branch="false"/>
								<line number="415" hits="36" branch="false"/>
								<line number="416" hits="36" branch="false"/>
								<line number="417" hits="72" branch="false"/>
								<line number="418" hits="36" branch="false"/>
								<line number="419" hits="36" branch="false"/>
								<line number="420" hits="36" branch="false"/>
								<line number="421" hits="72" branch="false"/>
								<line number="422" hits="36" branch="false"/>
								<line number="423" hits="36" branch="false"/>
								<line number="424" hits="36" branch="false"/>
								<line number="425" hits="72" branch="false"/>
								<line number="426" hits="36" branch="false"/>
								<line number="427" hits="36" branch="false"/>
								<line number="428" hits="36" branch="false"/>
								<line number="429" hits="72" branch="false"/>
								<line number="430" hits="36" branch="false"/>
								<line number="431" hits="36" branch="false"/>
								<line number="432" hits="36" branch="false"/>
								<line number="433" hits="72" branch="false"/>
								<line number="434" hits="36" branch="false"/>
								<line number="435" hits="36" branch="false"/>
								<line number="436" hits="36" branch="false"/>
								<line number="437" hits="72" branch="false"/>
								<line number="438" hits="36" branch="false"/>
								<line number="439" hits="36" branch="false"/>
								<line number="440" hits="36" branch="false"/>
								<line number="441" hits="72" branch="false"/>
								<line number="442" hits="36" branch="false"/>
								<line number="443" hits="36" branch="false"/>
								<line number="444" hits="36" branch="false"/>
								<line number="445" hits="72" branch="false"/>
								<line number="446" hits="36" branch="false"/>
								<line number="447" hits="36" branch="false"/>
								<line number="448" hits="36" branch="false"/>
								<line number="449" hits="72" branch="false"/>
								<line number="450" hits="36" branch="false"/>
								<line number="451" hits="36" branch="false"/>
								<line number="452" hits="36" branch="false"/>
								<line number="453" hits="36" branch="false"/>
								<line number="454" hits="36" branch="false"/>
								<line number="457" hits="36" branch="false"/>
								<line number="459" hits="36" branch="false"/>
								<line number="461" hits="36" branch="false"/>
								<line number="463" hits="36" branch="false"/>
								<line number="465" hits="36" branch="false"/>
								<line number="467" hits="36" branch="false"/>
								<line number="469" hits="36" branch="false"/>
								<line number="471" hits="36" branch="false"/>
								<line number="473" hits="36" branch="false"/>
								<line number="475" hits="36" branch="false"/>
								<line number="477" hits="36" branch="false"/>
								<line number="479" hits="36" branch="false"/>
								<line number="481" hits="36" branch="false"/>
								<line number="483" hits="36" branch="false"/>
								<line number="485" hits="36" branch="false"/>
								<line number="487" hits="36" branch="false"/>
								<line number="493" hits="36" branch="false"/>
								<line number="494" hits="36" branch="false"/>
								<line number="500" hits="36" branch="false"/>
								<line number="501" hits="36" branch="false"/>
								<line number="502" hits="72" branch="false"/>
								<line number="503" hits="36" branch="false"/>
								<line number="504" hits="72" branch="false"/>
								<line number="505" hits="36" branch="false"/>
								<line number="506" hits="72" branch="false"/>
								<line number="507" hits="72" branch="false"/>
								<line number="508" hits="72" branch="false"/>
								<line number="509" hits="36" branch="false"/>
								<line number="510" hits="36" branch="false"/>
								<line number="511" hits="36" branch="false"/>
								<line number="512" hits="36" branch="false"/>
								<line number="513" hits="36" branch="false"/>
								<line number="514" hits="36" branch="false"/>
								<line number="515" hits="36" branch="false"/>
								<line number="516" hits="36" branch="false"/>
								<line number="517" hits="36" branch="false"/>
								<line number="518" hits="36" branch="false"/>
								<line number="519" hits="36" branch="false"/>
								<line number="520" hits="36" branch="false"/>
								<line number="521" hits="72" branch="false"/>
								<line number="522" hits="36" branch="false"/>
								<line number="523" hits="36" branch="false"/>
								<line number="524" hits="36" branch="false"/>
								<line number="525" hits="36" branch="false"/>
								<line number="526" hits="36" branch="false"/>
								<line number="527" hits="36" branch="false"/>
								<line number="528" hits="36" branch="false"/>
								<line number="529" hits="36" branch="false"/>
								<line number="530" hits="36" branch="false"/>
								<line number="531" hits="36" branch="false"/>
								<line number="532" hits="36" branch="false"/>
								<line number="533" hits="72" branch="false"/>
								<line number="534" hits="72" branch="false"/>
								<line number="535" hits="36" branch="false"/>
								<line number="536" hits="36" branch="false"/>
								<line number="537" hits="36" branch="false"/>
								<line number="538" hits="36" branch="false"/>
								<line number="539" hits="72" branch="false"/>
								<line number="540" hits="36" branch="false"/>
								<line number="541" hits="36" branch="false"/>
								<line number="542" hits="36" branch="false"/>
								<line number="543" hits="72" branch="false"/>
								<line number="544" hits="36" branch="false"/>
								<line number="545" hits="36" branch="false"/>
								<line number="546" hits="36" branch="false"/>
								<line number="548" hits="72" branch="false"/>
								<line number="549" hits="36" branch="false"/>
								<line number="550" hits="72" branch="false"/>
								<line number="551" hits="36" branch="false"/>
								<line number="552" hits="72" branch="false"/>
								<line number="553" hits="36" branch="false"/>
								<line number="554" hits="36" branch="false"/>
								<line number="555" hits="36" branch="false"/>
								<line number="556" hits="72" branch="false"/>
								<line number="557" hits="36" branch="false"/>
								<line number="558" hits="36" branch="false"/>
								<line number="559" hits="36" branch="false"/>
								<line number="560" hits="72" branch="false"/>
								<line number="561" hits="36" branch="false"/>
								<line number="562" hits="36" branch="false"/>
								<line number="563" hits="36" branch="false"/>
								<line number="564" hits="72" branch="false"/>
								<line number="565" hits="36" branch="false"/>
								<line number="566" hits="36" branch="false"/>
								<line number="567" hits="36" branch="false"/>
								<line number="568" hits="72" branch="false"/>
								<line number="569" hits="36" branch="false"/>
								<line number="570" hits="36" branch="false"/>
								<line number="571" hits="36" branch="false"/>
								<line number="572" hits="72" branch="false"/>
								<line number="573" hits="36" branch="false"/>
								<line number="574" hits="36" branch="false"/>
								<line number="575" hits="36" branch="false"/>
								<line number="576" hits="72" branch="false"/>
								<line number="577" hits="36" branch="false"/>
								<line number="578" hits="36" branch="false"/>
								<line number="579" hits="36" branch="false"/>
								<line number="580" hits="72" branch="false"/>
								<line number="581" hits="36" branch="false"/>
								<line number="582" hits="36" branch="false"/>
								<line number="583" hits="36" branch="false"/>
								<line number="584" hits="72" branch="false"/>
								<line number="585" hits="36" branch="false"/>
								<line number="586" hits="36" branch="false"/>
								<line number="587" hits="36" branch="false"/>
								<line number="588" hits="72" branch="false"/>
								<line number="589" hits="36" branch="false"/>
								<line number="590" hits="36" branch="false"/>
								<line number="591" hits="36" branch="false"/>
								<line number="592" hits="72" branch="false"/>
								<line number="593" hits="36" branch="false"/>
								<line number="594" hits="36" branch="false"/>
								<line number="595" hits="36" branch="false"/>
								<line number="596" hits="72" branch="false"/>
								<line number="597" hits="36" branch="false"/>
								<line number="598" hits="36" branch="false"/>
								<line number="599" hits="36" branch="false"/>
								<line number="600" hits="72" branch="false"/>
								<line number="601" hits="36" branch="false"/>
								<line number="602" hits="36" branch="false"/>
								<line number="603" hits="36" branch="false"/>
								<line number="604" hits="72" branch="false"/>
								<line number="605" hits="36" branch="false"/>
								<line number="606" hits="36" branch="false"/>
								<line number="607" hits="36" branch="false"/>
								<line number="608" hits="36" branch="false"/>
								<line number="609" hits="36" branch="false"/>
								<line number="612" hits="36" branch="false"/>
								<line number="614" hits="36" branch="false"/>
								<line number="619" hits="36" branch="false"/>
								<line number="621" hits="36" branch="false"/>
								<line number="622" hits="36" branch="false"/>
								<line number="628" hits="36" branch="false"/>
								<line number="629" hits="36" branch="false"/>
								<line number="630" hits="72" branch="false"/>
								<line number="631" hits="36" branch="false"/>
								<line number="632" hits="72" branch="false"/>
								<line number="633" hits="36" branch="false"/>
								<line number="634" hits="36" branch="false"/>
								<line number="635" hits="36" branch="false"/>
								<line number="636" hits="72" branch="false"/>
								<line number="637" hits="36" branch="false"/>
								<line number="638" hits="36" branch="false"/>
								<line number="639" hits="36" branch="false"/>
								<line number="640" hits="72" branch="false"/>
								<line number="641" hits="36" branch="false"/>
								<line number="642" hits="36" branch="false"/>
								<line number="643" hits="36" branch="false"/>
								<line number="645" hits="72" branch="false"/>
								<line number="646" hits="36" branch="false"/>
								<line number="647" hits="72" branch="false"/>
								<line number="648" hits="72" branch="false"/>
								<line number="649" hits="72" branch="false"/>
								<line number="650" hits="36" branch="false"/>
								<line number="651" hits="36" branch="false"/>
								<line number="652" hits="36" branch="false"/>
								<line number="653" hits="36" branch="false"/>
								<line number="654" hits="72" branch="false"/>
								<line number="655" hits="36" branch="false"/>
								<line number="656" hits="36" branch="false"/>
								<line number="657" hits="36" branch="false"/>
								<line number="658" hits="36" branch="false"/>
								<line number="661" hits="36" branch="false"/>
								<line number="662" hits="36" branch="false"/>
							</lines>
						</method>
						<method name="inproceedingsYearActionPerformed" signature="(Ljava/awt/event/ActionEvent;)V" line-rate="0.0" branch-rate="1.0" complexity="0">
							<lines>
								<line number="705" hits="0" branch="false"/>
							</lines>
						</method>
						<method name="registerController" signature="(Lkivaryhma/Controller;)V" line-rate="1.0" branch-rate="1.0" complexity="0">
							<lines>
								<line number="88" hits="28" branch="false"/>
								<line number="89" hits="28" branch="false"/>
							</lines>
						</method>
						<method name="submitArticleForm" signature="()V" line-rate="1.0" branch-rate="1.0" complexity="0">
							<lines>
								<line number="55" hits="8" branch="false"/>
								<line number="56" hits="8" branch="false"/>
							</lines>
						</method>
						<method name="submitBookForm" signature="()V" line-rate="0.0" branch-rate="1.0" complexity="0">
							<lines>
								<line number="60" hits="0" branch="false"/>
								<line number="61" hits="0" branch="false"/>
							</lines>
						</method>
						<method name="submitInproceedingsActionPerformed" signature="(Ljava/awt/event/ActionEvent;)V" line-rate="0.0" branch-rate="1.0" complexity="0">
							<lines>
								<line number="714" hits="0" branch="false"/>
								<line number="715" hits="0" branch="false"/>
								<line number="716" hits="0" branch="false"/>
								<line number="717" hits="0" branch="false"/>
							</lines>
						</method>
						<method name="submitInproceedingsForm" signature="()V" line-rate="0.0" branch-rate="1.0" complexity="0">
							<lines>
								<line number="65" hits="0" branch="false"/>
								<line number="66" hits="0" branch="false"/>
							</lines>
						</method>
						<method name="updateList" signature="()V" line-rate="0.0" branch-rate="0.0" complexity="0">
							<lines>
								<line number="80" hits="0" branch="false"/>
								<line number="81" hits="0" branch="true" condition-coverage="0% (0/2)">
									<conditions>
										<condition number="0" type="jump" coverage="0%"/>
									</conditions>
								</line>
								<line number="82" hits="0" branch="false"/>
								<line number="83" hits="0" branch="false"/>
								<line number="84" hits="0" branch="false"/>
								<line number="85" hits="0" branch="false"/>
							</lines>
						</method>
					</methods>
					<lines>
						<line number="25" hits="0" branch="false"/>
						<line number="28" hits="36" branch="false"/>
						<line number="29" hits="36" branch="false"/>
						<line number="30" hits="36" branch="false"/>
						<line number="31" hits="36" branch="false"/>
						<line number="36" hits="36" branch="false"/>
						<line number="38" hits="36" branch="false"/>
						<line number="41" hits="36" branch="false"/>
						<line number="44" hits="36" branch="false"/>
						<line number="45" hits="36" branch="false"/>
						<line number="46" hits="36" branch="false"/>
						<line number="49" hits="36" branch="false"/>
						<line number="50" hits="36" branch="false"/>
						<line number="51" hits="36" branch="false"/>
						<line number="55" hits="8" branch="false"/>
						<line number="56" hits="8" branch="false"/>
						<line number="60" hits="0" branch="false"/>
						<line number="61" hits="0" branch="false"/>
						<line number="65" hits="0" branch="false"/>
						<line number="66" hits="0" branch="false"/>
						<line number="71" hits="8" branch="false"/>
						<line number="72" hits="88" branch="true" condition-coverage="100% (2/2)">
							<conditions>
								<condition number="0" type="jump" coverage="100%"/>
							</conditions>
						</line>
						<line number="73" hits="80" branch="false"/>
						<line number="75" hits="8" branch="false"/>
						<line number="80" hits="0" branch="false"/>
						<line number="81" hits="0" branch="true" condition-coverage="0% (0/2)">
							<conditions>
								<condition number="0" type="jump" coverage="0%"/>
							</conditions>
						</line>
						<line number="82" hits="0" branch="false"/>
						<line number="83" hits="0" branch="false"/>
						<line number="84" hits="0" branch="false"/>
						<line number="85" hits="0" branch="false"/>
						<line number="88" hits="28" branch="false"/>
						<line number="89" hits="28" branch="false"/>
						<line number="100" hits="36" branch="false"/>
						<line number="101" hits="36" branch="false"/>
						<line number="102" hits="36" branch="false"/>
						<line number="103" hits="36" branch="false"/>
						<line number="104" hits="36" branch="false"/>
						<line number="105" hits="36" branch="false"/>
						<line number="106" hits="36" branch="false"/>
						<line number="107" hits="36" branch="false"/>
						<line number="108" hits="36" branch="false"/>
						<line number="109" hits="36" branch="false"/>
						<line number="110" hits="36" branch="false"/>
						<line number="111" hits="36" branch="false"/>
						<line number="112" hits="36" branch="false"/>
						<line number="113" hits="36" branch="false"/>
						<line number="114" hits="36" branch="false"/>
						<line number="115" hits="36" branch="false"/>
						<line number="116" hits="36" branch="false"/>
						<line number="117" hits="36" branch="false"/>
						<line number="118" hits="36" branch="false"/>
						<line number="119" hits="36" branch="false"/>
						<line number="120" hits="36" branch="false"/>
						<line number="121" hits="36" branch="false"/>
						<line number="122" hits="36" branch="false"/>
						<line number="123" hits="36" branch="false"/>
						<line number="124" hits="36" branch="false"/>
						<line number="125" hits="36" branch="false"/>
						<line number="126" hits="36" branch="false"/>
						<line number="127" hits="36" branch="false"/>
						<line number="128" hits="36" branch="false"/>
						<line number="129" hits="36" branch="false"/>
						<line number="130" hits="36" branch="false"/>
						<line number="131" hits="36" branch="false"/>
						<line number="132" hits="36" branch="false"/>
						<line number="133" hits="36" branch="false"/>
						<line number="134" hits="36" branch="false"/>
						<line number="135" hits="36" branch="false"/>
						<line number="136" hits="36" branch="false"/>
						<line number="137" hits="36" branch="false"/>
						<line number="138" hits="36" branch="false"/>
						<line number="139" hits="36" branch="false"/>
						<line number="140" hits="36" branch="false"/>
						<line number="141" hits="36" branch="false"/>
						<line number="142" hits="36" branch="false"/>
						<line number="143" hits="36" branch="false"/>
						<line number="144" hits="36" branch="false"/>
						<line number="145" hits="36" branch="false"/>
						<line number="146" hits="36" branch="false"/>
						<line number="147" hits="36" branch="false"/>
						<line number="148" hits="36" branch="false"/>
						<line number="149" hits="36" branch="false"/>
						<line number="150" hits="36" branch="false"/>
						<line number="151" hits="36" branch="false"/>
						<line number="152" hits="36" branch="false"/>
						<line number="153" hits="36" branch="false"/>
						<line number="154" hits="36" branch="false"/>
						<line number="155" hits="36" branch="false"/>
						<line number="156" hits="36" branch="false"/>
						<line number="157" hits="36" branch="false"/>
						<line number="158" hits="36" branch="false"/>
						<line number="159" hits="36" branch="false"/>
						<line number="160" hits="36" branch="false"/>
						<line number="161" hits="36" branch="false"/>
						<line number="162" hits="36" branch="false"/>
						<line number="163" hits="36" branch="false"/>
						<line number="164" hits="36" branch="false"/>
						<line number="165" hits="36" branch="false"/>
						<line number="166" hits="36" branch="false"/>
						<line number="167" hits="36" branch="false"/>
						<line number="168" hits="36" branch="false"/>
						<line number="169" hits="36" branch="false"/>
						<line number="170" hits="36" branch="false"/>
						<line number="171" hits="36" branch="false"/>
						<line number="172" hits="36" branch="false"/>
						<line number="173" hits="36" branch="false"/>
						<line number="174" hits="36" branch="false"/>
						<line number="175" hits="36" branch="false"/>
						<line number="176" hits="36" branch="false"/>
						<line number="177" hits="36" branch="false"/>
						<line number="178" hits="36" branch="false"/>
						<line number="179" hits="36" branch="false"/>
						<line number="180" hits="36" branch="false"/>
						<line number="182" hits="36" branch="false"/>
						<line number="184" hits="36" branch="false"/>
						<line number="185" hits="36" branch="false"/>
						<line number="186" hits="72" branch="false"/>
						<line number="187" hits="36" branch="false"/>
						<line number="188" hits="36" branch="false"/>
						<line number="190" hits="72" branch="false"/>
						<line number="191" hits="36" branch="false"/>
						<line number="192" hits="36" branch="false"/>
						<line number="195" hits="36" branch="false"/>
						<line number="197" hits="36" branch="false"/>
						<line number="199" hits="36" branch="false"/>
						<line number="205" hits="36" branch="false"/>
						<line number="207" hits="36" branch="false"/>
						<line number="209" hits="36" branch="false"/>
						<line number="211" hits="36" branch="false"/>
						<line number="213" hits="36" branch="false"/>
						<line number="215" hits="36" branch="false"/>
						<line number="217" hits="36" branch="false"/>
						<line number="219" hits="36" branch="false"/>
						<line number="221" hits="36" branch="false"/>
						<line number="223" hits="36" branch="false"/>
						<line number="224" hits="36" branch="false"/>
						<line number="225" hits="72" branch="false"/>
						<line number="226" hits="36" branch="false"/>
						<line number="227" hits="72" branch="false"/>
						<line number="228" hits="36" branch="false"/>
						<line number="229" hits="72" branch="false"/>
						<line number="230" hits="72" branch="false"/>
						<line number="231" hits="72" branch="false"/>
						<line number="232" hits="36" branch="false"/>
						<line number="233" hits="36" branch="false"/>
						<line number="234" hits="36" branch="false"/>
						<line number="235" hits="36" branch="false"/>
						<line number="236" hits="36" branch="false"/>
						<line number="237" hits="36" branch="false"/>
						<line number="238" hits="36" branch="false"/>
						<line number="239" hits="36" branch="false"/>
						<line number="240" hits="36" branch="false"/>
						<line number="241" hits="36" branch="false"/>
						<line number="242" hits="36" branch="false"/>
						<line number="243" hits="72" branch="false"/>
						<line number="244" hits="36" branch="false"/>
						<line number="245" hits="36" branch="false"/>
						<line number="246" hits="36" branch="false"/>
						<line number="247" hits="36" branch="false"/>
						<line number="248" hits="36" branch="false"/>
						<line number="249" hits="36" branch="false"/>
						<line number="250" hits="36" branch="false"/>
						<line number="251" hits="36" branch="false"/>
						<line number="252" hits="36" branch="false"/>
						<line number="253" hits="36" branch="false"/>
						<line number="254" hits="36" branch="false"/>
						<line number="255" hits="72" branch="false"/>
						<line number="256" hits="36" branch="false"/>
						<line number="257" hits="36" branch="false"/>
						<line number="259" hits="72" branch="false"/>
						<line number="260" hits="36" branch="false"/>
						<line number="261" hits="72" branch="false"/>
						<line number="262" hits="36" branch="false"/>
						<line number="263" hits="72" branch="false"/>
						<line number="264" hits="36" branch="false"/>
						<line number="265" hits="36" branch="false"/>
						<line number="266" hits="36" branch="false"/>
						<line number="267" hits="72" branch="false"/>
						<line number="268" hits="36" branch="false"/>
						<line number="269" hits="36" branch="false"/>
						<line number="270" hits="36" branch="false"/>
						<line number="271" hits="72" branch="false"/>
						<line number="272" hits="36" branch="false"/>
						<line number="273" hits="36" branch="false"/>
						<line number="274" hits="36" branch="false"/>
						<line number="275" hits="72" branch="false"/>
						<line number="276" hits="36" branch="false"/>
						<line number="277" hits="36" branch="false"/>
						<line number="278" hits="36" branch="false"/>
						<line number="279" hits="72" branch="false"/>
						<line number="280" hits="36" branch="false"/>
						<line number="281" hits="36" branch="false"/>
						<line number="282" hits="36" branch="false"/>
						<line number="283" hits="72" branch="false"/>
						<line number="284" hits="36" branch="false"/>
						<line number="285" hits="36" branch="false"/>
						<line number="286" hits="36" branch="false"/>
						<line number="287" hits="72" branch="false"/>
						<line number="288" hits="36" branch="false"/>
						<line number="289" hits="36" branch="false"/>
						<line number="290" hits="36" branch="false"/>
						<line number="291" hits="72" branch="false"/>
						<line number="292" hits="36" branch="false"/>
						<line number="293" hits="36" branch="false"/>
						<line number="294" hits="36" branch="false"/>
						<line number="295" hits="72" branch="false"/>
						<line number="296" hits="36" branch="false"/>
						<line number="297" hits="36" branch="false"/>
						<line number="298" hits="36" branch="false"/>
						<line number="299" hits="72" branch="false"/>
						<line number="300" hits="36" branch="false"/>
						<line number="301" hits="36" branch="false"/>
						<line number="302" hits="36" branch="false"/>
						<line number="303" hits="36" branch="false"/>
						<line number="304" hits="36" branch="false"/>
						<line number="307" hits="36" branch="false"/>
[...]
					<methods>
						<method name="&lt;init&gt;" signature="()V" line-rate="1.0" branch-rate="1.0" complexity="0">
							<lines>
								<line number="12" hits="93" branch="false"/>
							</lines>
						</method>
						<method name="getAddress" signature="()Ljava/lang/String;" line-rate="1.0" branch-rate="1.0" complexity="0">
							<lines>
								<line number="139" hits="9" branch="false"/>
							</lines>
						</method>
						<method name="getAuthor" signature="()Ljava/lang/String;" line-rate="1.0" branch-rate="1.0" complexity="0">
							<lines>
								<line number="81" hits="9" branch="false"/>
							</lines>
						</method>
						<method name="getBooktitle" signature="()Ljava/lang/String;" line-rate="1.0" branch-rate="1.0" complexity="0">
							<lines>
								<line number="98" hits="9" branch="false"/>
							</lines>
						</method>
						<method name="getEdition" signature="()Ljava/lang/String;" line-rate="1.0" branch-rate="1.0" complexity="0">
							<lines>
								<line number="147" hits="9" branch="false"/>
							</lines>
						</method>
						<method name="getEditor" signature="()Ljava/lang/String;" line-rate="1.0" branch-rate="1.0" complexity="0">
							<lines>
								<line number="115" hits="9" branch="false"/>
							</lines>
						</method>
						<method name="getKey" signature="()Ljava/lang/String;" line-rate="1.0" branch-rate="1.0" complexity="0">
							<lines>
								<line number="187" hits="9" branch="false"/>
							</lines>
						</method>
						<method name="getMonth" signature="()Ljava/lang/String;" line-rate="1.0" branch-rate="1.0" complexity="0">
							<lines>
								<line number="155" hits="9" branch="false"/>
							</lines>
						</method>
						<method name="getNote" signature="()Ljava/lang/String;" line-rate="1.0" branch-rate="1.0" complexity="0">
							<lines>
								<line number="179" hits="9" branch="false"/>
							</lines>
						</method>
						<method name="getOrganization" signature="()Ljava/lang/String;" line-rate="1.0" branch-rate="1.0" complexity="0">
							<lines>
								<line number="163" hits="9" branch="false"/>
							</lines>
						</method>
						<method name="getPages" signature="()Ljava/lang/String;" line-rate="1.0" branch-rate="1.0" complexity="0">
							<lines>
								<line number="72" hits="9" branch="false"/>
							</lines>
						</method>
						<method name="getPublisher" signature="()Ljava/lang/String;" line-rate="1.0" branch-rate="1.0" complexity="0">
							<lines>
								<line number="171" hits="9" branch="false"/>
							</lines>
						</method>
						<method name="getSeries" signature="()Ljava/lang/String;" line-rate="1.0" branch-rate="1.0" complexity="0">
							<lines>
								<line number="131" hits="9" branch="false"/>
							</lines>
						</method>
						<method name="getTitle" signature="()Ljava/lang/String;" line-rate="1.0" branch-rate="1.0" complexity="0">
							<lines>
								<line number="90" hits="9" branch="false"/>
							</lines>
						</method>
						<method name="getVolume" signature="()Ljava/lang/String;" line-rate="1.0" branch-rate="1.0" complexity="0">
							<lines>
								<line number="123" hits="9" branch="false"/>
							</lines>
						</method>
						<method name="getYear" signature="()Ljava/lang/String;" line-rate="1.0" branch-rate="1.0" complexity="0">
							<lines>
								<line number="107" hits="9" branch="false"/>
							</lines>
						</method>
						<method name="setAddress" signature="(Ljava/lang/String;)V" line-rate="1.0" branch-rate="1.0" complexity="0">
							<lines>
								<line number="143" hits="96" branch="false"/>
								<line number="144" hits="96" branch="false"/>
							</lines>
						</method>
						<method name="setAuthor" signature="(Ljava/lang/String;)V" line-rate="1.0" branch-rate="1.0" complexity="0">
							<lines>
								<line number="85" hits="96" branch="false"/>
								<line number="86" hits="96" branch="false"/>
							</lines>
						</method>
						<method name="setBooktitle" signature="(Ljava/lang/String;)V" line-rate="1.0" branch-rate="1.0" complexity="0">
							<lines>
								<line number="102" hits="96" branch="false"/>
								<line number="103" hits="96" branch="false"/>
							</lines>
						</method>
						<method name="setEdition" signature="(Ljava/lang/String;)V" line-rate="1.0" branch-rate="1.0" complexity="0">
							<lines>
								<line number="151" hits="96" branch="false"/>
								<line number="152" hits="96" branch="false"/>
							</lines>
						</method>
						<method name="setEditor" signature="(Ljava/lang/String;)V" line-rate="1.0" branch-rate="1.0" complexity="0">
							<lines>
								<line number="119" hits="96" branch="false"/>
								<line number="120" hits="96" branch="false"/>
							</lines>
						</method>
						<method name="setKey" signature="(Ljava/lang/String;)V" line-rate="1.0" branch-rate="1.0" complexity="0">
							<lines>
								<line number="191" hits="96" branch="false"/>
								<line number="192" hits="96" branch="false"/>
							</lines>
						</method>
						<method name="setMonth" signature="(Ljava/lang/String;)V" line-rate="1.0" branch-rate="1.0" complexity="0">
							<lines>
								<line number="159" hits="96" branch="false"/>
								<line number="160" hits="96" branch="false"/>
							</lines>
						</method>
						<method name="setNote" signature="(Ljava/lang/String;)V" line-rate="1.0" branch-rate="1.0" complexity="0">
							<lines>
								<line number="183" hits="96" branch="false"/>
								<line number="184" hits="96" branch="false"/>
							</lines>
						</method>
						<method name="setOrganization" signature="(Ljava/lang/String;)V" line-rate="1.0" branch-rate="1.0" complexity="0">
							<lines>
								<line number="167" hits="96" branch="false"/>
								<line number="168" hits="96" branch="false"/>
							</lines>
						</method>
						<method name="setPages" signature="(Ljava/lang/String;)V" line-rate="1.0" branch-rate="1.0" complexity="0">
							<lines>
								<line number="76" hits="96" branch="false"/>
								<line number="77" hits="96" branch="false"/>
							</lines>
						</method>
						<method name="setPublisher" signature="(Ljava/lang/String;)V" line-rate="1.0" branch-rate="1.0" complexity="0">
							<lines>
								<line number="175" hits="96" branch="false"/>
								<line number="176" hits="96" branch="false"/>
							</lines>
						</method>
						<method name="setSeries" signature="(Ljava/lang/String;)V" line-rate="1.0" branch-rate="1.0" complexity="0">
							<lines>
								<line number="135" hits="96" branch="false"/>
								<line number="136" hits="96" branch="false"/>
							</lines>
						</method>
						<method name="setTitle" signature="(Ljava/lang/String;)V" line-rate="1.0" branch-rate="1.0" complexity="0">
							<lines>
								<line number="94" hits="96" branch="false"/>
								<line number="95" hits="96" branch="false"/>
							</lines>
						</method>
						<method name="setVolume" signature="(Ljava/lang/String;)V" line-rate="1.0" branch-rate="1.0" complexity="0">
							<lines>
								<line number="127" hits="96" branch="false"/>
								<line number="128" hits="96" branch="false"/>
							</lines>
						</method>
						<method name="setYear" signature="(Ljava/lang/String;)V" line-rate="1.0" branch-rate="1.0" complexity="0">
							<lines>
								<line number="111" hits="96" branch="false"/>
								<line number="112" hits="96" branch="false"/>
							</lines>
						</method>
						<method name="toBibtex" signature="()Ljava/lang/String;" line-rate="1.0" branch-rate="0.5" complexity="0">
							<lines>
								<line number="32" hits="1" branch="false"/>
								<line number="33" hits="1" branch="false"/>
								<line number="34" hits="1" branch="false"/>
								<line number="35" hits="1" branch="false"/>
								<line number="36" hits="1" branch="true" condition-coverage="50% (1/2)">
									<conditions>
										<condition number="0" type="jump" coverage="50%"/>
									</conditions>
								</line>
								<line number="37" hits="1" branch="false"/>
								<line number="39" hits="1" branch="true" condition-coverage="50% (1/2)">
									<conditions>
										<condition number="0" type="jump" coverage="50%"/>
									</conditions>
								</line>
								<line number="40" hits="1" branch="false"/>
								<line number="42" hits="1" branch="true" condition-coverage="50% (1/2)">
									<conditions>
										<condition number="0" type="jump" coverage="50%"/>
									</conditions>
								</line>
								<line number="43" hits="1" branch="false"/>
								<line number="45" hits="1" branch="true" condition-coverage="50% (1/2)">
									<conditions>
										<condition number="0" type="jump" coverage="50%"/>
									</conditions>
								</line>
								<line number="46" hits="1" branch="false"/>
								<line number="48" hits="1" branch="true" condition-coverage="50% (1/2)">
									<conditions>
										<condition number="0" type="jump" coverage="50%"/>
									</conditions>
								</line>
								<line number="49" hits="1" branch="false"/>
								<line number="51" hits="1" branch="true" condition-coverage="50% (1/2)">
									<conditions>
										<condition number="0" type="jump" coverage="50%"/>
									</conditions>
								</line>
								<line number="52" hits="1" branch="false"/>
								<line number="54" hits="1" branch="true" condition-coverage="50% (1/2)">
									<conditions>
										<condition number="0" type="jump" coverage="50%"/>
									</conditions>
								</line>
								<line number="55" hits="1" branch="false"/>
								<line number="57" hits="1" branch="true" condition-coverage="50% (1/2)">
									<conditions>
										<condition number="0" type="jump" coverage="50%"/>
									</conditions>
								</line>
								<line number="58" hits="1" branch="false"/>
								<line number="60" hits="1" branch="true" condition-coverage="50% (1/2)">
									<conditions>
										<condition number="0" type="jump" coverage="50%"/>
									</conditions>
								</line>
								<line number="61" hits="1" branch="false"/>
								<line number="63" hits="1" branch="true" condition-coverage="50% (1/2)">
									<conditions>
										<condition number="0" type="jump" coverage="50%"/>
									</conditions>
								</line>
								<line number="64" hits="1" branch="false"/>
								<line number="66" hits="1" branch="false"/>
								<line number="68" hits="1" branch="false"/>
							</lines>
						</method>
					</methods>
					<lines>
						<line number="12" hits="93" branch="false"/>
						<line number="32" hits="1" branch="false"/>
						<line number="33" hits="1" branch="false"/>
						<line number="34" hits="1" branch="false"/>
						<line number="35" hits="1" branch="false"/>
						<line number="36" hits="1" branch="true" condition-coverage="50% (1/2)">
							<conditions>
								<condition number="0" type="jump" coverage="50%"/>
							</conditions>
						</line>
						<line number="37" hits="1" branch="false"/>
						<line number="39" hits="1" branch="true" condition-coverage="50% (1/2)">
							<conditions>
								<condition number="0" type="jump" coverage="50%"/>
							</conditions>
						</line>
						<line number="40" hits="1" branch="false"/>
						<line number="42" hits="1" branch="true" condition-coverage="50% (1/2)">
							<conditions>
								<condition number="0" type="jump" coverage="50%"/>
							</conditions>
						</line>
						<line number="43" hits="1" branch="false"/>
						<line number="45" hits="1" branch="true" condition-coverage="50% (1/2)">
							<conditions>
								<condition number="0" type="jump" coverage="50%"/>
							</conditions>
						</line>
						<line number="46" hits="1" branch="false"/>
						<line number="48" hits="1" branch="true" condition-coverage="50% (1/2)">
							<conditions>
								<condition number="0" type="jump" coverage="50%"/>
							</conditions>
						</line>
						<line number="49" hits="1" branch="false"/>
						<line number="51" hits="1" branch="true" condition-coverage="50% (1/2)">
							<conditions>
								<condition number="0" type="jump" coverage="50%"/>
							</conditions>
						</line>
						<line number="52" hits="1" branch="false"/>
						<line number="54" hits="1" branch="true" condition-coverage="50% (1/2)">
							<conditions>
								<condition number="0" type="jump" coverage="50%"/>
							</conditions>
						</line>
						<line number="55" hits="1" branch="false"/>
						<line number="57" hits="1" branch="true" condition-coverage="50% (1/2)">
							<conditions>
								<condition number="0" type="jump" coverage="50%"/>
							</conditions>
						</line>
						<line number="58" hits="1" branch="false"/>
						<line number="60" hits="1" branch="true" condition-coverage="50% (1/2)">
							<conditions>
								<condition number="0" type="jump" coverage="50%"/>
							</conditions>
						</line>
						<line number="61" hits="1" branch="false"/>
						<line number="63" hits="1" branch="true" condition-coverage="50% (1/2)">
							<conditions>
								<condition number="0" type="jump" coverage="50%"/>
							</conditions>
						</line>
						<line number="64" hits="1" branch="false"/>
						<line number="66" hits="1" branch="false"/>
						<line number="68" hits="1" branch="false"/>
						<line number="72" hits="9" branch="false"/>
						<line number="76" hits="96" branch="false"/>
						<line number="77" hits="96" branch="false"/>
						<line number="81" hits="9" branch="false"/>
						<line number="85" hits="96" branch="false"/>
						<line number="86" hits="96" branch="false"/>
						<line number="90" hits="9" branch="false"/>
						<line number="94" hits="96" branch="false"/>
						<line number="95" hits="96" branch="false"/>
						<line number="98" hits="9" branch="false"/>
						<line number="102" hits="96" branch="false"/>
						<line number="103" hits="96" branch="false"/>
						<line number="107" hits="9" branch="false"/>
						<line number="111" hits="96" branch="false"/>
						<line number="112" hits="96" branch="false"/>
						<line number="115" hits="9" branch="false"/>
						<line number="119" hits="96" branch="false"/>
						<line number="120" hits="96" branch="false"/>
						<line number="123" hits="9" branch="false"/>
						<line number="127" hits="96" branch="false"/>
						<line number="128" hits="96" branch="false"/>
						<line number="131" hits="9" branch="false"/>
						<line number="135" hits="96" branch="false"/>
						<line number="136" hits="96" branch="false"/>
						<line number="139" hits="9" branch="false"/>
						<line number="143" hits="96" branch="false"/>
						<line number="144" hits="96" branch="false"/>
						<line number="147" hits="9" branch="false"/>
						<line number="151" hits="96" branch="false"/>
						<line number="152" hits="96" branch="false"/>
						<line number="155" hits="9" branch="false"/>
						<line number="159" hits="96" branch="false"/>
						<line number="160" hits="96" branch="false"/>
						<line number="163" hits="9" branch="false"/>
						<line number="167" hits="96" branch="false"/>
						<line number="168" hits="96" branch="false"/>
						<line number="171" hits="9" branch="false"/>
						<line number="175" hits="96" branch="false"/>
						<line number="176" hits="96" branch="false"/>
						<line number="179" hits="9" branch="false"/>
						<line number="183" hits="96" branch="false"/>
						<line number="184" hits="96" branch="false"/>
						<line number="187" hits="9" branch="false"/>
						<line number="191" hits="96" branch="false"/>
						<line number="192" hits="96" branch="false"/>
					</lines>
				</class>
				<class name="kivaryhma.Main" filename="kivaryhma/Main.java" line-rate="0.0" branch-rate="1.0" complexity="1.0">
					<methods>
						<method name="&lt;init&gt;" signature="()V" line-rate="0.0" branch-rate="1.0" complexity="0">
							<lines>
								<line number="9" hits="0" branch="false"/>
							</lines>
						</method>
						<method name="main" signature="([Ljava/lang/String;)V" line-rate="0.0" branch-rate="1.0" complexity="0">
							<lines>
								<line number="12" hits="0" branch="false"/>
								<line number="13" hits="0" branch="false"/>
								<line number="14" hits="0" branch="false"/>
								<line number="15" hits="0" branch="false"/>
								<line number="18" hits="0" branch="false"/>
								<line number="19" hits="0" branch="false"/>
								<line number="20" hits="0" branch="false"/>
								<line number="21" hits="0" branch="false"/>
								<line number="22" hits="0" branch="false"/>
							</lines>
						</method>
					</methods>
					<lines>
						<line number="9" hits="0" branch="false"/>
						<line number="12" hits="0" branch="false"/>
						<line number="13" hits="0" branch="false"/>
						<line number="14" hits="0" branch="false"/>
						<line number="15" hits="0" branch="false"/>
						<line number="18" hits="0" branch="false"/>
						<line number="19" hits="0" branch="false"/>
						<line number="20" hits="0" branch="false"/>
						<line number="21" hits="0" branch="false"/>
						<line number="22" hits="0" branch="false"/>
					</lines>
				</class>
				<class name="kivaryhma.Model" filename="kivaryhma/Model.java" line-rate="1.0" branch-rate="1.0" complexity="1.0">
					<methods>
						<method name="&lt;init&gt;" signature="()V" line-rate="1.0" branch-rate="1.0" complexity="0">
							<lines>
								<line number="19" hits="56" branch="false"/>
								<line number="22" hits="112" branch="false"/>
							</lines>
						</method>
						<method name="addReference" signature="(Lkivaryhma/Entry;)V" line-rate="1.0" branch-rate="1.0" complexity="0">
							<lines>
								<line number="25" hits="24" branch="false"/>
								<line number="26" hits="24" branch="false"/>
							</lines>
						</method>
						<method name="getReferences" signature="()Ljava/util/ArrayList;" line-rate="1.0" branch-rate="1.0" complexity="0">
							<lines>
								<line number="29" hits="20" branch="false"/>
							</lines>
						</method>
					</methods>
					<lines>
						<line number="19" hits="56" branch="false"/>
						<line number="22" hits="112" branch="false"/>
						<line number="25" hits="24" branch="false"/>
						<line number="26" hits="24" branch="false"/>
						<line number="29" hits="20" branch="false"/>
					</lines>
				</class>
				<class name="kivaryhma.View" filename="kivaryhma/View.java" line-rate="1.0" branch-rate="1.0" complexity="1.0">
					<methods>
						<method name="&lt;init&gt;" signature="()V" line-rate="1.0" branch-rate="1.0" complexity="0">
							<lines>
								<line number="18" hits="48" branch="false"/>
							</lines>
						</method>
						<method name="init" signature="()V" line-rate="1.0" branch-rate="1.0" complexity="0">
							<lines>
								<line number="21" hits="4" branch="false"/>
								<line number="22" hits="4" branch="false"/>
							</lines>
						</method>
						<method name="registerController" signature="(Lkivaryhma/Controller;)V" line-rate="1.0" branch-rate="1.0" complexity="0">
							<lines>
								<line number="29" hits="40" branch="false"/>
								<line number="30" hits="40" branch="false"/>
							</lines>
						</method>
						<method name="setForm" signature="(Lkivaryhma/Form;)V" line-rate="1.0" branch-rate="1.0" complexity="0">
							<lines>
								<line number="25" hits="36" branch="false"/>
								<line number="26" hits="36" branch="false"/>
							</lines>
						</method>
					</methods>
					<lines>
						<line number="18" hits="48" branch="false"/>
						<line number="21" hits="4" branch="false"/>
						<line number="22" hits="4" branch="false"/>
						<line number="25" hits="36" branch="false"/>
						<line number="26" hits="36" branch="false"/>
						<line number="29" hits="40" branch="false"/>
						<line number="30" hits="40" branch="false"/>
					</lines>
				</class>
			</classes>
		</package>
	</packages>
</coverage>
