<?xml version="1.0"?>
<!DOCTYPE coverage SYSTEM "http://cobertura.sourceforge.net/xml/coverage-04.dtd">

<coverage line-rate="0.8823529411764706" branch-rate="0.9" lines-covered="165" lines-valid="187" branches-covered="9" branches-valid="10" complexity="1.1956521739130435" version="2.1.1" timestamp="1460379473755">
	<sources>
		<source>--source</source>
		<source>/home/toffe/kiva-ryhma/Kiva-ryhma/src/main/java</source>
	</sources>
	<packages>
		<package name="kivaryhma" line-rate="0.8823529411764706" branch-rate="0.9" complexity="1.1956521739130435">
			<classes>
				<class name="kivaryhma.Article" filename="kivaryhma/Article.java" line-rate="1.0" branch-rate="1.0" complexity="1.0">
					<methods>
						<method name="&lt;init&gt;" signature="()V" line-rate="1.0" branch-rate="1.0" complexity="0">
							<lines>
								<line number="26" hits="26" branch="false"/>
								<line number="28" hits="26" branch="false"/>
							</lines>
						</method>
						<method name="getAuthor" signature="()Ljava/lang/String;" line-rate="1.0" branch-rate="1.0" complexity="0">
							<lines>
								<line number="31" hits="9" branch="false"/>
							</lines>
						</method>
						<method name="getJournal" signature="()Ljava/lang/String;" line-rate="1.0" branch-rate="1.0" complexity="0">
							<lines>
								<line number="47" hits="9" branch="false"/>
							</lines>
						</method>
						<method name="getKey" signature="()Ljava/lang/String;" line-rate="1.0" branch-rate="1.0" complexity="0">
							<lines>
								<line number="103" hits="7" branch="false"/>
							</lines>
						</method>
						<method name="getMonth" signature="()Ljava/lang/String;" line-rate="1.0" branch-rate="1.0" complexity="0">
							<lines>
								<line number="87" hits="7" branch="false"/>
							</lines>
						</method>
						<method name="getNote" signature="()Ljava/lang/String;" line-rate="1.0" branch-rate="1.0" complexity="0">
							<lines>
								<line number="95" hits="7" branch="false"/>
							</lines>
						</method>
						<method name="getNumber" signature="()Ljava/lang/String;" line-rate="1.0" branch-rate="1.0" complexity="0">
							<lines>
								<line number="71" hits="7" branch="false"/>
							</lines>
						</method>
						<method name="getPages" signature="()Ljava/lang/String;" line-rate="1.0" branch-rate="1.0" complexity="0">
							<lines>
								<line number="79" hits="6" branch="false"/>
							</lines>
						</method>
						<method name="getTitle" signature="()Ljava/lang/String;" line-rate="1.0" branch-rate="1.0" complexity="0">
							<lines>
								<line number="39" hits="9" branch="false"/>
							</lines>
						</method>
						<method name="getVolume" signature="()Ljava/lang/String;" line-rate="1.0" branch-rate="1.0" complexity="0">
							<lines>
								<line number="63" hits="7" branch="false"/>
							</lines>
						</method>
						<method name="getYear" signature="()Ljava/lang/String;" line-rate="1.0" branch-rate="1.0" complexity="0">
							<lines>
								<line number="55" hits="7" branch="false"/>
							</lines>
						</method>
						<method name="setAuthor" signature="(Ljava/lang/String;)V" line-rate="1.0" branch-rate="1.0" complexity="0">
							<lines>
								<line number="35" hits="27" branch="false"/>
								<line number="36" hits="27" branch="false"/>
							</lines>
						</method>
						<method name="setJournal" signature="(Ljava/lang/String;)V" line-rate="1.0" branch-rate="1.0" complexity="0">
							<lines>
								<line number="51" hits="27" branch="false"/>
								<line number="52" hits="27" branch="false"/>
							</lines>
						</method>
						<method name="setKey" signature="(Ljava/lang/String;)V" line-rate="1.0" branch-rate="1.0" complexity="0">
							<lines>
								<line number="107" hits="27" branch="false"/>
								<line number="108" hits="27" branch="false"/>
							</lines>
						</method>
						<method name="setMonth" signature="(Ljava/lang/String;)V" line-rate="1.0" branch-rate="1.0" complexity="0">
							<lines>
								<line number="91" hits="27" branch="false"/>
								<line number="92" hits="27" branch="false"/>
							</lines>
						</method>
						<method name="setNote" signature="(Ljava/lang/String;)V" line-rate="1.0" branch-rate="1.0" complexity="0">
							<lines>
								<line number="99" hits="27" branch="false"/>
								<line number="100" hits="27" branch="false"/>
							</lines>
						</method>
						<method name="setNumber" signature="(Ljava/lang/String;)V" line-rate="1.0" branch-rate="1.0" complexity="0">
							<lines>
								<line number="75" hits="27" branch="false"/>
								<line number="76" hits="27" branch="false"/>
							</lines>
						</method>
						<method name="setPages" signature="(Ljava/lang/String;)V" line-rate="1.0" branch-rate="1.0" complexity="0">
							<lines>
								<line number="83" hits="27" branch="false"/>
								<line number="84" hits="27" branch="false"/>
							</lines>
						</method>
						<method name="setTitle" signature="(Ljava/lang/String;)V" line-rate="1.0" branch-rate="1.0" complexity="0">
							<lines>
								<line number="43" hits="27" branch="false"/>
								<line number="44" hits="27" branch="false"/>
							</lines>
						</method>
						<method name="setVolume" signature="(Ljava/lang/String;)V" line-rate="1.0" branch-rate="1.0" complexity="0">
							<lines>
								<line number="67" hits="27" branch="false"/>
								<line number="68" hits="27" branch="false"/>
							</lines>
						</method>
						<method name="setYear" signature="(Ljava/lang/String;)V" line-rate="1.0" branch-rate="1.0" complexity="0">
							<lines>
								<line number="59" hits="27" branch="false"/>
								<line number="60" hits="27" branch="false"/>
							</lines>
						</method>
					</methods>
					<lines>
						<line number="26" hits="26" branch="false"/>
						<line number="28" hits="26" branch="false"/>
						<line number="31" hits="9" branch="false"/>
						<line number="35" hits="27" branch="false"/>
						<line number="36" hits="27" branch="false"/>
						<line number="39" hits="9" branch="false"/>
						<line number="43" hits="27" branch="false"/>
						<line number="44" hits="27" branch="false"/>
						<line number="47" hits="9" branch="false"/>
						<line number="51" hits="27" branch="false"/>
						<line number="52" hits="27" branch="false"/>
						<line number="55" hits="7" branch="false"/>
						<line number="59" hits="27" branch="false"/>
						<line number="60" hits="27" branch="false"/>
						<line number="63" hits="7" branch="false"/>
						<line number="67" hits="27" branch="false"/>
						<line number="68" hits="27" branch="false"/>
						<line number="71" hits="7" branch="false"/>
						<line number="75" hits="27" branch="false"/>
						<line number="76" hits="27" branch="false"/>
						<line number="79" hits="6" branch="false"/>
						<line number="83" hits="27" branch="false"/>
						<line number="84" hits="27" branch="false"/>
						<line number="87" hits="7" branch="false"/>
						<line number="91" hits="27" branch="false"/>
						<line number="92" hits="27" branch="false"/>
						<line number="95" hits="7" branch="false"/>
						<line number="99" hits="27" branch="false"/>
						<line number="100" hits="27" branch="false"/>
						<line number="103" hits="7" branch="false"/>
						<line number="107" hits="27" branch="false"/>
						<line number="108" hits="27" branch="false"/>
					</lines>
				</class>
				<class name="kivaryhma.Controller" filename="kivaryhma/Controller.java" line-rate="1.0" branch-rate="1.0" complexity="1.0">
					<methods>
						<method name="&lt;init&gt;" signature="(Lkivaryhma/Model;Lkivaryhma/View;)V" line-rate="1.0" branch-rate="1.0" complexity="0">
							<lines>
								<line number="20" hits="12" branch="false"/>
								<line number="21" hits="12" branch="false"/>
								<line number="22" hits="12" branch="false"/>
								<line number="23" hits="12" branch="false"/>
							</lines>
						</method>
						<method name="getArticles" signature="()Ljava/util/ArrayList;" line-rate="1.0" branch-rate="1.0" complexity="0">
							<lines>
								<line number="43" hits="5" branch="false"/>
							</lines>
						</method>
						<method name="sendFormParameters" signature="([Ljava/lang/String;)V" line-rate="1.0" branch-rate="1.0" complexity="0">
							<lines>
								<line number="27" hits="5" branch="false"/>
								<line number="28" hits="5" branch="false"/>
								<line number="29" hits="5" branch="false"/>
								<line number="30" hits="5" branch="false"/>
								<line number="31" hits="5" branch="false"/>
								<line number="32" hits="5" branch="false"/>
								<line number="33" hits="5" branch="false"/>
								<line number="34" hits="5" branch="false"/>
								<line number="35" hits="5" branch="false"/>
								<line number="36" hits="5" branch="false"/>
								<line number="37" hits="5" branch="false"/>
								<line number="39" hits="5" branch="false"/>
								<line number="40" hits="5" branch="false"/>
							</lines>
						</method>
					</methods>
					<lines>
						<line number="20" hits="12" branch="false"/>
						<line number="21" hits="12" branch="false"/>
						<line number="22" hits="12" branch="false"/>
						<line number="23" hits="12" branch="false"/>
						<line number="27" hits="5" branch="false"/>
						<line number="28" hits="5" branch="false"/>
						<line number="29" hits="5" branch="false"/>
						<line number="30" hits="5" branch="false"/>
						<line number="31" hits="5" branch="false"/>
						<line number="32" hits="5" branch="false"/>
						<line number="33" hits="5" branch="false"/>
						<line number="34" hits="5" branch="false"/>
						<line number="35" hits="5" branch="false"/>
						<line number="36" hits="5" branch="false"/>
						<line number="37" hits="5" branch="false"/>
						<line number="39" hits="5" branch="false"/>
						<line number="40" hits="5" branch="false"/>
						<line number="43" hits="5" branch="false"/>
					</lines>
				</class>
				<class name="kivaryhma.Form" filename="kivaryhma/Form.java" line-rate="0.8888888888888888" branch-rate="0.9" complexity="1.6428571428571428">
					<methods>
						<method name="&lt;init&gt;" signature="()V" line-rate="1.0" branch-rate="1.0" complexity="0">
							<lines>
								<line number="22" hits="9" branch="false"/>
								<line number="23" hits="9" branch="false"/>
								<line number="27" hits="9" branch="false"/>
								<line number="29" hits="9" branch="false"/>
								<line number="32" hits="9" branch="false"/>
								<line number="35" hits="9" branch="false"/>
								<line number="38" hits="9" branch="false"/>
								<line number="39" hits="9" branch="false"/>
								<line number="40" hits="9" branch="false"/>
							</lines>
						</method>
						<method name="actionPerformed" signature="(Ljava/awt/event/ActionEvent;)V" line-rate="0.0" branch-rate="1.0" complexity="0">
							<lines>
								<line number="346" hits="0" branch="false"/>
								<line number="347" hits="0" branch="false"/>
								<line number="348" hits="0" branch="false"/>
							</lines>
						</method>
						<method name="display" signature="()V" line-rate="0.4666666666666667" branch-rate="0.75" complexity="0">
							<lines>
								<line number="287" hits="2" branch="true" condition-coverage="50% (1/2)">
									<conditions>
										<condition number="0" type="jump" coverage="50%"/>
									</conditions>
								</line>
								<line number="288" hits="2" branch="true" condition-coverage="100% (2/2)">
									<conditions>
										<condition number="0" type="jump" coverage="100%"/>
									</conditions>
								</line>
								<line number="289" hits="1" branch="false"/>
								<line number="290" hits="1" branch="false"/>
								<line number="293" hits="0" branch="false"/>
								<line number="294" hits="0" branch="false"/>
								<line number="295" hits="0" branch="false"/>
								<line number="296" hits="0" branch="false"/>
								<line number="297" hits="0" branch="false"/>
								<line number="298" hits="0" branch="false"/>
								<line number="299" hits="0" branch="false"/>
								<line number="300" hits="0" branch="false"/>
								<line number="301" hits="1" branch="false"/>
								<line number="306" hits="1" branch="false"/>
								<line number="312" hits="1" branch="false"/>
							</lines>
						</method>
						<method name="emptyTextFields" signature="()V" line-rate="1.0" branch-rate="1.0" complexity="0">
							<lines>
								<line number="369" hits="11" branch="true" condition-coverage="100% (2/2)">
									<conditions>
										<condition number="0" type="jump" coverage="100%"/>
									</conditions>
								</line>
								<line number="370" hits="10" branch="false"/>
								<line number="372" hits="1" branch="false"/>
							</lines>
						</method>
						<method name="gatherTextFields" signature="()V" line-rate="1.0" branch-rate="1.0" complexity="0">
							<lines>
								<line number="351" hits="10" branch="false"/>
								<line number="352" hits="10" branch="false"/>
								<line number="353" hits="10" branch="false"/>
								<line number="354" hits="10" branch="false"/>
								<line number="355" hits="10" branch="false"/>
								<line number="356" hits="10" branch="false"/>
								<line number="357" hits="10" branch="false"/>
								<line number="358" hits="10" branch="false"/>
								<line number="359" hits="10" branch="false"/>
								<line number="360" hits="10" branch="false"/>
								<line number="361" hits="10" branch="false"/>
							</lines>
						</method>
						<method name="getFields" signature="()[Ljavax/swing/JTextField;" line-rate="1.0" branch-rate="1.0" complexity="0">
							<lines>
								<line number="363" hits="168" branch="false"/>
							</lines>
						</method>
						<method name="getReferenceList" signature="()Ljavax/swing/JList;" line-rate="0.0" branch-rate="1.0" complexity="0">
							<lines>
								<line number="366" hits="0" branch="false"/>
							</lines>
						</method>
						<method name="initComponents" signature="()V" line-rate="1.0" branch-rate="1.0" complexity="0">
							<lines>
								<line number="79" hits="9" branch="false"/>
								<line number="80" hits="9" branch="false"/>
								<line number="81" hits="9" branch="false"/>
								<line number="82" hits="9" branch="false"/>
								<line number="83" hits="9" branch="false"/>
								<line number="84" hits="9" branch="false"/>
								<line number="85" hits="9" branch="false"/>
								<line number="86" hits="9" branch="false"/>
								<line number="87" hits="9" branch="false"/>
								<line number="88" hits="9" branch="false"/>
								<line number="89" hits="9" branch="false"/>
								<line number="90" hits="9" branch="false"/>
								<line number="91" hits="9" branch="false"/>
								<line number="92" hits="9" branch="false"/>
								<line number="93" hits="9" branch="false"/>
								<line number="94" hits="9" branch="false"/>
								<line number="95" hits="9" branch="false"/>
								<line number="96" hits="9" branch="false"/>
								<line number="97" hits="9" branch="false"/>
								<line number="98" hits="9" branch="false"/>
								<line number="99" hits="9" branch="false"/>
								<line number="100" hits="9" branch="false"/>
								<line number="101" hits="9" branch="false"/>
								<line number="102" hits="9" branch="false"/>
								<line number="103" hits="9" branch="false"/>
								<line number="104" hits="9" branch="false"/>
								<line number="106" hits="9" branch="false"/>
								<line number="108" hits="9" branch="false"/>
								<line number="110" hits="9" branch="false"/>
								<line number="112" hits="9" branch="false"/>
								<line number="114" hits="9" branch="false"/>
								<line number="116" hits="9" branch="false"/>
								<line number="118" hits="9" branch="false"/>
								<line number="120" hits="9" branch="false"/>
								<line number="122" hits="9" branch="false"/>
								<line number="124" hits="9" branch="false"/>
								<line number="126" hits="9" branch="false"/>
								<line number="128" hits="9" branch="false"/>
								<line number="130" hits="9" branch="false"/>
								<line number="132" hits="9" branch="false"/>
								<line number="137" hits="9" branch="false"/>
								<line number="139" hits="9" branch="false"/>
								<line number="140" hits="9" branch="false"/>
								<line number="141" hits="9" branch="false"/>
								<line number="209" hits="9" branch="false"/>
								<line number="263" hits="9" branch="false"/>
								<line number="264" hits="9" branch="false"/>
								<line number="265" hits="9" branch="false"/>
								<line number="269" hits="9" branch="false"/>
								<line number="274" hits="9" branch="false"/>
								<line number="275" hits="9" branch="false"/>
							</lines>
						</method>
						<method name="registerController" signature="(Lkivaryhma/Controller;)V" line-rate="1.0" branch-rate="1.0" complexity="0">
							<lines>
								<line number="66" hits="7" branch="false"/>
								<line number="67" hits="7" branch="false"/>
							</lines>
						</method>
						<method name="submitForm" signature="()V" line-rate="1.0" branch-rate="1.0" complexity="0">
							<lines>
								<line number="45" hits="2" branch="false"/>
								<line number="46" hits="22" branch="true" condition-coverage="100% (2/2)">
									<conditions>
										<condition number="0" type="jump" coverage="100%"/>
									</conditions>
								</line>
								<line number="47" hits="20" branch="false"/>
								<line number="51" hits="2" branch="false"/>
								<line number="54" hits="2" branch="false"/>
								<line number="55" hits="2" branch="false"/>
							</lines>
						</method>
						<method name="updateList" signature="()V" line-rate="1.0" branch-rate="1.0" complexity="0">
							<lines>
								<line number="58" hits="2" branch="false"/>
								<line number="59" hits="2" branch="true" condition-coverage="100% (2/2)">
									<conditions>
										<condition number="0" type="jump" coverage="100%"/>
									</conditions>
								</line>
								<line number="60" hits="2" branch="false"/>
								<line number="61" hits="2" branch="false"/>
								<line number="62" hits="2" branch="false"/>
								<line number="63" hits="2" branch="false"/>
							</lines>
						</method>
					</methods>
					<lines>
						<line number="22" hits="9" branch="false"/>
						<line number="23" hits="9" branch="false"/>
						<line number="27" hits="9" branch="false"/>
						<line number="29" hits="9" branch="false"/>
						<line number="32" hits="9" branch="false"/>
						<line number="35" hits="9" branch="false"/>
						<line number="38" hits="9" branch="false"/>
						<line number="39" hits="9" branch="false"/>
						<line number="40" hits="9" branch="false"/>
						<line number="45" hits="2" branch="false"/>
						<line number="46" hits="22" branch="true" condition-coverage="100% (2/2)">
							<conditions>
								<condition number="0" type="jump" coverage="100%"/>
							</conditions>
						</line>
						<line number="47" hits="20" branch="false"/>
						<line number="51" hits="2" branch="false"/>
						<line number="54" hits="2" branch="false"/>
						<line number="55" hits="2" branch="false"/>
						<line number="58" hits="2" branch="false"/>
						<line number="59" hits="2" branch="true" condition-coverage="100% (2/2)">
							<conditions>
								<condition number="0" type="jump" coverage="100%"/>
							</conditions>
						</line>
						<line number="60" hits="2" branch="false"/>
						<line number="61" hits="2" branch="false"/>
						<line number="62" hits="2" branch="false"/>
						<line number="63" hits="2" branch="false"/>
						<line number="66" hits="7" branch="false"/>
						<line number="67" hits="7" branch="false"/>
						<line number="79" hits="9" branch="false"/>
						<line number="80" hits="9" branch="false"/>
						<line number="81" hits="9" branch="false"/>
						<line number="82" hits="9" branch="false"/>
						<line number="83" hits="9" branch="false"/>
						<line number="84" hits="9" branch="false"/>
						<line number="85" hits="9" branch="false"/>
						<line number="86" hits="9" branch="false"/>
						<line number="87" hits="9" branch="false"/>
						<line number="88" hits="9" branch="false"/>
						<line number="89" hits="9" branch="false"/>
						<line number="90" hits="9" branch="false"/>
						<line number="91" hits="9" branch="false"/>
						<line number="92" hits="9" branch="false"/>
						<line number="93" hits="9" branch="false"/>
						<line number="94" hits="9" branch="false"/>
						<line number="95" hits="9" branch="false"/>
						<line number="96" hits="9" branch="false"/>
						<line number="97" hits="9" branch="false"/>
						<line number="98" hits="9" branch="false"/>
						<line number="99" hits="9" branch="false"/>
						<line number="100" hits="9" branch="false"/>
						<line number="101" hits="9" branch="false"/>
						<line number="102" hits="9" branch="false"/>
						<line number="103" hits="9" branch="false"/>
						<line number="104" hits="9" branch="false"/>
						<line number="106" hits="9" branch="false"/>
						<line number="108" hits="9" branch="false"/>
						<line number="110" hits="9" branch="false"/>
						<line number="112" hits="9" branch="false"/>
						<line number="114" hits="9" branch="false"/>
						<line number="116" hits="9" branch="false"/>
						<line number="118" hits="9" branch="false"/>
						<line number="120" hits="9" branch="false"/>
						<line number="122" hits="9" branch="false"/>
						<line number="124" hits="9" branch="false"/>
						<line number="126" hits="9" branch="false"/>
						<line number="128" hits="9" branch="false"/>
						<line number="130" hits="9" branch="false"/>
						<line number="132" hits="9" branch="false"/>
						<line number="137" hits="9" branch="false"/>
						<line number="139" hits="9" branch="false"/>
						<line number="140" hits="9" branch="false"/>
						<line number="141" hits="9" branch="false"/>
						<line number="209" hits="9" branch="false"/>
						<line number="263" hits="9" branch="false"/>
						<line number="264" hits="9" branch="false"/>
						<line number="265" hits="9" branch="false"/>
						<line number="269" hits="9" branch="false"/>
						<line number="274" hits="9" branch="false"/>
						<line number="275" hits="9" branch="false"/>
						<line number="287" hits="2" branch="true" condition-coverage="50% (1/2)">
							<conditions>
								<condition number="0" type="jump" coverage="50%"/>
							</conditions>
						</line>
						<line number="288" hits="2" branch="true" condition-coverage="100% (2/2)">
							<conditions>
								<condition number="0" type="jump" coverage="100%"/>
							</conditions>
						</line>
						<line number="289" hits="1" branch="false"/>
						<line number="290" hits="1" branch="false"/>
						<line number="293" hits="0" branch="false"/>
						<line number="294" hits="0" branch="false"/>
						<line number="295" hits="0" branch="false"/>
						<line number="296" hits="0" branch="false"/>
						<line number="297" hits="0" branch="false"/>
						<line number="298" hits="0" branch="false"/>
						<line number="299" hits="0" branch="false"/>
						<line number="300" hits="0" branch="false"/>
						<line number="301" hits="1" branch="false"/>
						<line number="306" hits="1" branch="false"/>
						<line number="312" hits="1" branch="false"/>
						<line number="346" hits="0" branch="false"/>
						<line number="347" hits="0" branch="false"/>
						<line number="348" hits="0" branch="false"/>
						<line number="351" hits="10" branch="false"/>
						<line number="352" hits="10" branch="false"/>
						<line number="353" hits="10" branch="false"/>
						<line number="354" hits="10" branch="false"/>
						<line number="355" hits="10" branch="false"/>
						<line number="356" hits="10" branch="false"/>
						<line number="357" hits="10" branch="false"/>
						<line number="358" hits="10" branch="false"/>
						<line number="359" hits="10" branch="false"/>
						<line number="360" hits="10" branch="false"/>
						<line number="361" hits="10" branch="false"/>
						<line number="363" hits="168" branch="false"/>
						<line number="366" hits="0" branch="false"/>
						<line number="369" hits="11" branch="true" condition-coverage="100% (2/2)">
							<conditions>
								<condition number="0" type="jump" coverage="100%"/>
							</conditions>
						</line>
						<line number="370" hits="10" branch="false"/>
						<line number="372" hits="1" branch="false"/>
					</lines>
				</class>
				<class name="kivaryhma.Form$1" filename="kivaryhma/Form.java" line-rate="1.0" branch-rate="1.0" complexity="1.6428571428571428">
					<methods>
						<method name="&lt;init&gt;" signature="(Lkivaryhma/Form;)V" line-rate="1.0" branch-rate="1.0" complexity="0">
							<lines>
								<line number="132" hits="9" branch="false"/>
								<line number="133" hits="9" branch="false"/>
							</lines>
						</method>
						<method name="getElementAt" signature="(I)Ljava/lang/Object;" line-rate="1.0" branch-rate="1.0" complexity="0">
							<lines>
								<line number="135" hits="45" branch="false"/>
							</lines>
						</method>
						<method name="getSize" signature="()I" line-rate="1.0" branch-rate="1.0" complexity="0">
							<lines>
								<line number="134" hits="720" branch="false"/>
							</lines>
						</method>
					</methods>
					<lines>
						<line number="132" hits="9" branch="false"/>
						<line number="133" hits="9" branch="false"/>
						<line number="134" hits="720" branch="false"/>
						<line number="135" hits="45" branch="false"/>
					</lines>
				</class>
				<class name="kivaryhma.Form$2" filename="kivaryhma/Form.java" line-rate="1.0" branch-rate="1.0" complexity="1.6428571428571428">
					<methods>
						<method name="&lt;init&gt;" signature="(Lkivaryhma/Form;)V" line-rate="1.0" branch-rate="1.0" complexity="0">
							<lines>
								<line number="306" hits="1" branch="false"/>
							</lines>
						</method>
						<method name="run" signature="()V" line-rate="1.0" branch-rate="1.0" complexity="0">
							<lines>
								<line number="308" hits="1" branch="false"/>
								<line number="310" hits="1" branch="false"/>
							</lines>
						</method>
					</methods>
					<lines>
						<line number="306" hits="1" branch="false"/>
						<line number="308" hits="1" branch="false"/>
						<line number="310" hits="1" branch="false"/>
					</lines>
				</class>
				<class name="kivaryhma.Main" filename="kivaryhma/Main.java" line-rate="0.0" branch-rate="1.0" complexity="1.0">
					<methods>
						<method name="&lt;init&gt;" signature="()V" line-rate="0.0" branch-rate="1.0" complexity="0">
							<lines>
								<line number="9" hits="0" branch="false"/>
							</lines>
						</method>
						<method name="main" signature="([Ljava/lang/String;)V" line-rate="0.0" branch-rate="1.0" complexity="0">
							<lines>
								<line number="12" hits="0" branch="false"/>
								<line number="13" hits="0" branch="false"/>
								<line number="14" hits="0" branch="false"/>
								<line number="15" hits="0" branch="false"/>
								<line number="18" hits="0" branch="false"/>
								<line number="19" hits="0" branch="false"/>
								<line number="20" hits="0" branch="false"/>
								<line number="21" hits="0" branch="false"/>
								<line number="22" hits="0" branch="false"/>
							</lines>
						</method>
					</methods>
					<lines>
						<line number="9" hits="0" branch="false"/>
						<line number="12" hits="0" branch="false"/>
						<line number="13" hits="0" branch="false"/>
						<line number="14" hits="0" branch="false"/>
						<line number="15" hits="0" branch="false"/>
						<line number="18" hits="0" branch="false"/>
						<line number="19" hits="0" branch="false"/>
						<line number="20" hits="0" branch="false"/>
						<line number="21" hits="0" branch="false"/>
						<line number="22" hits="0" branch="false"/>
					</lines>
				</class>
				<class name="kivaryhma.Model" filename="kivaryhma/Model.java" line-rate="1.0" branch-rate="1.0" complexity="1.0">
					<methods>
						<method name="&lt;init&gt;" signature="()V" line-rate="1.0" branch-rate="1.0" complexity="0">
							<lines>
								<line number="19" hits="14" branch="false"/>
								<line number="22" hits="28" branch="false"/>
							</lines>
						</method>
						<method name="addReference" signature="(Lkivaryhma/Article;)V" line-rate="1.0" branch-rate="1.0" complexity="0">
							<lines>
								<line number="25" hits="6" branch="false"/>
								<line number="26" hits="6" branch="false"/>
							</lines>
						</method>
						<method name="getReferences" signature="()Ljava/util/ArrayList;" line-rate="1.0" branch-rate="1.0" complexity="0">
							<lines>
								<line number="29" hits="7" branch="false"/>
							</lines>
						</method>
					</methods>
					<lines>
						<line number="19" hits="14" branch="false"/>
						<line number="22" hits="28" branch="false"/>
						<line number="25" hits="6" branch="false"/>
						<line number="26" hits="6" branch="false"/>
						<line number="29" hits="7" branch="false"/>
					</lines>
				</class>
				<class name="kivaryhma.View" filename="kivaryhma/View.java" line-rate="1.0" branch-rate="1.0" complexity="1.0">
					<methods>
						<method name="&lt;init&gt;" signature="()V" line-rate="1.0" branch-rate="1.0" complexity="0">
							<lines>
								<line number="18" hits="12" branch="false"/>
							</lines>
						</method>
						<method name="init" signature="()V" line-rate="1.0" branch-rate="1.0" complexity="0">
							<lines>
								<line number="21" hits="1" branch="false"/>
								<line number="22" hits="1" branch="false"/>
							</lines>
						</method>
						<method name="registerController" signature="(Lkivaryhma/Controller;)V" line-rate="1.0" branch-rate="1.0" complexity="0">
							<lines>
								<line number="29" hits="10" branch="false"/>
								<line number="30" hits="10" branch="false"/>
							</lines>
						</method>
						<method name="setForm" signature="(Lkivaryhma/Form;)V" line-rate="1.0" branch-rate="1.0" complexity="0">
							<lines>
								<line number="25" hits="9" branch="false"/>
								<line number="26" hits="9" branch="false"/>
							</lines>
						</method>
					</methods>
					<lines>
						<line number="18" hits="12" branch="false"/>
						<line number="21" hits="1" branch="false"/>
						<line number="22" hits="1" branch="false"/>
						<line number="25" hits="9" branch="false"/>
						<line number="26" hits="9" branch="false"/>
						<line number="29" hits="10" branch="false"/>
						<line number="30" hits="10" branch="false"/>
					</lines>
				</class>
			</classes>
		</package>
	</packages>
</coverage>
