<?xml version="1.0" encoding="UTF-8" ?>
<testsuite failures="0" time="0.024" errors="0" skipped="0" tests="31" name="kivaryhma.InproceedingsTest">
  <properties>
[...]
</properties>
  <testcase time="0" classname="kivaryhma.InproceedingsTest" name="testGetBooktitle"/>
  <testcase time="0" classname="kivaryhma.InproceedingsTest" name="testSetBooktitle"/>
  <testcase time="0" classname="kivaryhma.InproceedingsTest" name="testGetEditor"/>
  <testcase time="0" classname="kivaryhma.InproceedingsTest" name="testSetEditor"/>
  <testcase time="0" classname="kivaryhma.InproceedingsTest" name="testGetSeries"/>
  <testcase time="0" classname="kivaryhma.InproceedingsTest" name="testSetSeries"/>
  <testcase time="0" classname="kivaryhma.InproceedingsTest" name="testGetAddress"/>
  <testcase time="0" classname="kivaryhma.InproceedingsTest" name="testSetAddress"/>
  <testcase time="0.001" classname="kivaryhma.InproceedingsTest" name="testGetEdition"/>
  <testcase time="0" classname="kivaryhma.InproceedingsTest" name="testSetEdition"/>
  <testcase time="0.001" classname="kivaryhma.InproceedingsTest" name="testGetOrganization"/>
  <testcase time="0" classname="kivaryhma.InproceedingsTest" name="testSetOrganization"/>
  <testcase time="0" classname="kivaryhma.InproceedingsTest" name="testGetPublisher"/>
  <testcase time="0" classname="kivaryhma.InproceedingsTest" name="testSetPublisher"/>
  <testcase time="0" classname="kivaryhma.InproceedingsTest" name="testGetAuthor"/>
  <testcase time="0.001" classname="kivaryhma.InproceedingsTest" name="testSetAuthor"/>
  <testcase time="0" classname="kivaryhma.InproceedingsTest" name="testGetTitle"/>
  <testcase time="0" classname="kivaryhma.InproceedingsTest" name="testSetTitle"/>
  <testcase time="0" classname="kivaryhma.InproceedingsTest" name="testGetYear"/>
  <testcase time="0" classname="kivaryhma.InproceedingsTest" name="testSetYear"/>
  <testcase time="0.001" classname="kivaryhma.InproceedingsTest" name="testGetVolume"/>
  <testcase time="0" classname="kivaryhma.InproceedingsTest" name="testSetVolume"/>
  <testcase time="0" classname="kivaryhma.InproceedingsTest" name="testGetPages"/>
  <testcase time="0" classname="kivaryhma.InproceedingsTest" name="testSetPages"/>
  <testcase time="0" classname="kivaryhma.InproceedingsTest" name="testGetMonth"/>
  <testcase time="0.001" classname="kivaryhma.InproceedingsTest" name="testSetMonth"/>
  <testcase time="0" classname="kivaryhma.InproceedingsTest" name="testGetNote"/>
  <testcase time="0" classname="kivaryhma.InproceedingsTest" name="testSetNote"/>
  <testcase time="0" classname="kivaryhma.InproceedingsTest" name="testGetKey"/>
  <testcase time="0" classname="kivaryhma.InproceedingsTest" name="testSetKey"/>
  <testcase time="0" classname="kivaryhma.InproceedingsTest" name="testToBibtex"/>
</testsuite>